Using pre-set license
Built from '2021.2/staging' branch; Version is '2021.2.5f1 (4ec9a5e799f5) revision 5163429'; Using compiler version '192829333'; Build Type 'Release'
OS: 'Windows 10  (10.0.19043) 64bit Core' Language: 'en' Physical Memory: 16348 MB
BatchMode: 1, IsHumanControllingUs: 0, StartBugReporterOnCrash: 0, Is64bit: 1, IsPro: 0

COMMAND LINE ARGUMENTS:
D:\Program Files\Unity Hub\2021.2.5f1\Editor\Unity.exe
-adb2
-batchMode
-noUpm
-name
AssetImportWorker1
-projectPath
F:/gamedev practice 2021/LAzur
-logFile
Logs/AssetImportWorker1.log
-srvPort
51562
Successfully changed project path to: F:/gamedev practice 2021/LAzur
F:/gamedev practice 2021/LAzur
[UnityMemory] Configuration Parameters - Can be set up in boot.config
    "memorysetup-bucket-allocator-granularity=16"
    "memorysetup-bucket-allocator-bucket-count=8"
    "memorysetup-bucket-allocator-block-size=33554432"
    "memorysetup-bucket-allocator-block-count=8"
    "memorysetup-main-allocator-block-size=16777216"
    "memorysetup-thread-allocator-block-size=16777216"
    "memorysetup-gfx-main-allocator-block-size=16777216"
    "memorysetup-gfx-thread-allocator-block-size=16777216"
    "memorysetup-cache-allocator-block-size=4194304"
    "memorysetup-typetree-allocator-block-size=2097152"
    "memorysetup-profiler-bucket-allocator-granularity=16"
    "memorysetup-profiler-bucket-allocator-bucket-count=8"
    "memorysetup-profiler-bucket-allocator-block-size=33554432"
    "memorysetup-profiler-bucket-allocator-block-count=8"
    "memorysetup-profiler-allocator-block-size=16777216"
    "memorysetup-profiler-editor-allocator-block-size=1048576"
    "memorysetup-temp-allocator-size-main=16777216"
    "memorysetup-job-temp-allocator-block-size=2097152"
    "memorysetup-job-temp-allocator-block-size-background=1048576"
    "memorysetup-job-temp-allocator-reduction-small-platforms=262144"
    "memorysetup-temp-allocator-size-background-worker=32768"
    "memorysetup-temp-allocator-size-job-worker=262144"
    "memorysetup-temp-allocator-size-preload-manager=33554432"
    "memorysetup-temp-allocator-size-nav-mesh-worker=65536"
    "memorysetup-temp-allocator-size-audio-worker=65536"
    "memorysetup-temp-allocator-size-cloud-worker=32768"
    "memorysetup-temp-allocator-size-gi-baking-worker=262144"
    "memorysetup-temp-allocator-size-gfx=262144"
Refreshing native plugins compatible for Editor in 118.42 ms, found 4 plugins.
Preloading 0 native plugins for Editor in 0.00 ms.
Initialize engine version: 2021.2.5f1 (4ec9a5e799f5)
[Subsystems] Discovering subsystems at path D:/Program Files/Unity Hub/2021.2.5f1/Editor/Data/Resources/UnitySubsystems
[Subsystems] Discovering subsystems at path F:/gamedev practice 2021/LAzur/Assets
GfxDevice: creating device client; threaded=0; jobified=0
Direct3D:
    Version:  Direct3D 11.0 [level 11.1]
    Renderer: NVIDIA GeForce GTX 1050 Ti (ID=0x1c82)
    Vendor:   NVIDIA
    VRAM:     4018 MB
    Driver:   30.0.14.7111
Initialize mono
Mono path[0] = 'D:/Program Files/Unity Hub/2021.2.5f1/Editor/Data/Managed'
Mono path[1] = 'D:/Program Files/Unity Hub/2021.2.5f1/Editor/Data/MonoBleedingEdge/lib/mono/unityjit-win32'
Mono config path = 'D:/Program Files/Unity Hub/2021.2.5f1/Editor/Data/MonoBleedingEdge/etc'
Using monoOptions --debugger-agent=transport=dt_socket,embedding=1,server=y,suspend=n,address=127.0.0.1:56028
Begin MonoManager ReloadAssembly
Registering precompiled unity dll's ...
Register platform support module: D:/Program Files/Unity Hub/2021.2.5f1/Editor/Data/PlaybackEngines/WebGLSupport/UnityEditor.WebGL.Extensions.dll
Register platform support module: D:/Program Files/Unity Hub/2021.2.5f1/Editor/Data/PlaybackEngines/WindowsStandaloneSupport/UnityEditor.WindowsStandalone.Extensions.dll
Registered in 0.018768 seconds.
Native extension for WindowsStandalone target not found
Native extension for WebGL target not found
Refreshing native plugins compatible for Editor in 101.09 ms, found 4 plugins.
Preloading 0 native plugins for Editor in 0.00 ms.
Mono: successfully reloaded assembly
- Completed reload, in  0.806 seconds
Domain Reload Profiling:
	ReloadAssembly (806ms)
		BeginReloadAssembly (118ms)
			ExecutionOrderSort (0ms)
			DisableScriptedObjects (0ms)
			BackupInstance (0ms)
			ReleaseScriptingObjects (0ms)
			CreateAndSetChildDomain (1ms)
		EndReloadAssembly (543ms)
			LoadAssemblies (113ms)
			RebuildTransferFunctionScriptingTraits (0ms)
			SetupTypeCache (110ms)
			ReleaseScriptCaches (0ms)
			RebuildScriptCaches (31ms)
			SetupLoadedEditorAssemblies (339ms)
				LogAssemblyErrors (0ms)
				InitializePlatformSupportModulesInManaged (21ms)
				SetLoadedEditorAssemblies (0ms)
				RefreshPlugins (101ms)
				BeforeProcessingInitializeOnLoad (2ms)
				ProcessInitializeOnLoadAttributes (164ms)
				ProcessInitializeOnLoadMethodAttributes (51ms)
				AfterProcessingInitializeOnLoad (0ms)
				EditorAssembliesLoaded (0ms)
			ExecutionOrderSort2 (0ms)
			AwakeInstancesAfterBackupRestoration (0ms)
Platform modules already initialized, skipping
Registering precompiled user dll's ...
Registered in 0.005828 seconds.
Begin MonoManager ReloadAssembly
Native extension for WindowsStandalone target not found
Native extension for WebGL target not found
Refreshing native plugins compatible for Editor in 99.83 ms, found 4 plugins.
Preloading 0 native plugins for Editor in 0.00 ms.
Mono: successfully reloaded assembly
- Completed reload, in  1.905 seconds
Domain Reload Profiling:
	ReloadAssembly (1906ms)
		BeginReloadAssembly (224ms)
			ExecutionOrderSort (0ms)
			DisableScriptedObjects (6ms)
			BackupInstance (0ms)
			ReleaseScriptingObjects (0ms)
			CreateAndSetChildDomain (20ms)
		EndReloadAssembly (1568ms)
			LoadAssemblies (122ms)
			RebuildTransferFunctionScriptingTraits (0ms)
			SetupTypeCache (261ms)
			ReleaseScriptCaches (1ms)
			RebuildScriptCaches (62ms)
			SetupLoadedEditorAssemblies (1043ms)
				LogAssemblyErrors (0ms)
				InitializePlatformSupportModulesInManaged (15ms)
				SetLoadedEditorAssemblies (0ms)
				RefreshPlugins (100ms)
				BeforeProcessingInitializeOnLoad (109ms)
				ProcessInitializeOnLoadAttributes (765ms)
				ProcessInitializeOnLoadMethodAttributes (34ms)
				AfterProcessingInitializeOnLoad (20ms)
				EditorAssembliesLoaded (0ms)
			ExecutionOrderSort2 (0ms)
			AwakeInstancesAfterBackupRestoration (8ms)
Platform modules already initialized, skipping
========================================================================
Worker process is ready to serve import requests
Launched and connected shader compiler UnityShaderCompiler.exe after 0.37 seconds
Refreshing native plugins compatible for Editor in 1.12 ms, found 4 plugins.
Preloading 0 native plugins for Editor in 0.00 ms.
Unloading 4394 Unused Serialized files (Serialized files now loaded: 0)
Unloading 60 unused Assets / (296.2 KB). Loaded Objects now: 4842.
Memory consumption went from 169.1 MB to 168.8 MB.
Total: 4.896200 ms (FindLiveObjects: 0.440900 ms CreateObjectMapping: 0.446500 ms MarkObjects: 3.792400 ms  DeleteObjects: 0.215500 ms)

AssetImportParameters requested are different than current active one (requested -> active):
  custom:video-decoder-ogg-theora: a1e56fd34408186e4bbccfd4996cb3dc -> 
  custom:container-muxer-webm: aa71ff27fc2769a1b78a27578f13a17b -> 
  custom:container-demuxer-webm: 4f35f7cbe854078d1ac9338744f61a02 -> 
  custom:video-encoder-webm-vp8: eb34c28f22e8b96e1ab97ce403110664 -> 
  custom:audio-encoder-webm-vorbis: bf7c407c2cedff20999df2af8eb42d56 -> 
  custom:framework-win-MediaFoundation: 216162199b28c13a410421893ffa2e32 -> 
  custom:container-demuxer-ogg: 62fdf1f143b41e24485cea50d1cbac27 -> 
  custom:video-decoder-webm-vp8: 9c59270c3fd7afecdb556c50c9e8de78 -> 
  custom:audio-decoder-ogg-vorbis: bf7c407c2cedff20999df2af8eb42d56 -> 
========================================================================
Received Import Request.
  Time since last request: 6524.897033 seconds.
  path: Assets
  artifactKey: Guid(00000000000000001000000000000000) Importer(815301076,1909f56bfc062723c751e8b465ee728b)
Start importing Assets using Guid(00000000000000001000000000000000) Importer(815301076,1909f56bfc062723c751e8b465ee728b)  -> (artifact id: '79842766b460edbeab6a34051e857a80') in 0.009929 seconds 
========================================================================
Received Import Request.
  Time since last request: 47.017556 seconds.
  path: Assets/Asset/Space stuff/sample.png
  artifactKey: Guid(efa826905433f16469d700616e3bff4c) Importer(815301076,1909f56bfc062723c751e8b465ee728b)
Start importing Assets/Asset/Space stuff/sample.png using Guid(efa826905433f16469d700616e3bff4c) Importer(815301076,1909f56bfc062723c751e8b465ee728b)  -> (artifact id: 'bceb1aeac86b3dace50c73802717b7fa') in 0.252899 seconds 
========================================================================
Received Import Request.
  Time since last request: 72.693016 seconds.
  path: Assets/Asset/Space stuff/PNG/playerShip1_green.png
  artifactKey: Guid(9654aa1e5fec42b42a58304a597ffb3e) Importer(815301076,1909f56bfc062723c751e8b465ee728b)
Start importing Assets/Asset/Space stuff/PNG/playerShip1_green.png using Guid(9654aa1e5fec42b42a58304a597ffb3e) Importer(815301076,1909f56bfc062723c751e8b465ee728b)  -> (artifact id: '42afb998750f8b5fb06b54fbb305460f') in 0.020161 seconds 
========================================================================
Received Import Request.
  Time since last request: 0.000036 seconds.
  path: Assets/Asset/Space stuff/PNG/playerShip2_green.png
  artifactKey: Guid(535c6027506fe1841a287106e69aaf9e) Importer(815301076,1909f56bfc062723c751e8b465ee728b)
Start importing Assets/Asset/Space stuff/PNG/playerShip2_green.png using Guid(535c6027506fe1841a287106e69aaf9e) Importer(815301076,1909f56bfc062723c751e8b465ee728b)  -> (artifact id: '295c3987a58a772c8414aac2ad3f9dc8') in 0.020440 seconds 
========================================================================
Received Import Request.
  Time since last request: 0.000019 seconds.
  path: Assets/Asset/Space stuff/PNG/playerShip1_orange.png
  artifactKey: Guid(df7d4f13aed843a49ae717903df85aa5) Importer(815301076,1909f56bfc062723c751e8b465ee728b)
Start importing Assets/Asset/Space stuff/PNG/playerShip1_orange.png using Guid(df7d4f13aed843a49ae717903df85aa5) Importer(815301076,1909f56bfc062723c751e8b465ee728b)  -> (artifact id: '9012998334a3eb78a61264a5707e0789') in 0.019761 seconds 
========================================================================
Received Import Request.
  Time since last request: 0.000037 seconds.
  path: Assets/Asset/Space stuff/PNG/playerShip2_blue.png
  artifactKey: Guid(fe516f4f1862cee4ca896da91b6a366b) Importer(815301076,1909f56bfc062723c751e8b465ee728b)
Start importing Assets/Asset/Space stuff/PNG/playerShip2_blue.png using Guid(fe516f4f1862cee4ca896da91b6a366b) Importer(815301076,1909f56bfc062723c751e8b465ee728b)  -> (artifact id: '9191fe1c1a3226d3a34f2269255d23be') in 0.020824 seconds 
========================================================================
Received Import Request.
  Time since last request: 0.000030 seconds.
  path: Assets/Asset/Space stuff/PNG/playerShip2_red.png
  artifactKey: Guid(63f173cec7f28b34db5c68efcf9936d4) Importer(815301076,1909f56bfc062723c751e8b465ee728b)
Start importing Assets/Asset/Space stuff/PNG/playerShip2_red.png using Guid(63f173cec7f28b34db5c68efcf9936d4) Importer(815301076,1909f56bfc062723c751e8b465ee728b)  -> (artifact id: 'ae5b53e13975c37600fa12db6c888fa1') in 0.017631 seconds 
========================================================================
Received Import Request.
  Time since last request: 0.000026 seconds.
  path: Assets/Asset/Space stuff/PNG/playerShip1_red.png
  artifactKey: Guid(fd164c715626e534480ee3b24d306c93) Importer(815301076,1909f56bfc062723c751e8b465ee728b)
Start importing Assets/Asset/Space stuff/PNG/playerShip1_red.png using Guid(fd164c715626e534480ee3b24d306c93) Importer(815301076,1909f56bfc062723c751e8b465ee728b)  -> (artifact id: '84bdf1fc9ed308a9a3d7ab2ac87cdbbc') in 0.018896 seconds 
========================================================================
Received Import Request.
  Time since last request: 0.000040 seconds.
  path: Assets/Asset/Space stuff/PNG/playerShip3_blue.png
  artifactKey: Guid(191e45351dfbd6047bbda5e1c08ff790) Importer(815301076,1909f56bfc062723c751e8b465ee728b)
Start importing Assets/Asset/Space stuff/PNG/playerShip3_blue.png using Guid(191e45351dfbd6047bbda5e1c08ff790) Importer(815301076,1909f56bfc062723c751e8b465ee728b)  -> (artifact id: 'fd9af1127bbac1d3ecc2f3cfb8e5b252') in 0.017350 seconds 
========================================================================
Received Import Request.
  Time since last request: 0.000048 seconds.
  path: Assets/Asset/Space stuff/PNG/playerShip3_green.png
  artifactKey: Guid(84bf4f09d7139684cb3d9100470ccfff) Importer(815301076,1909f56bfc062723c751e8b465ee728b)
Start importing Assets/Asset/Space stuff/PNG/playerShip3_green.png using Guid(84bf4f09d7139684cb3d9100470ccfff) Importer(815301076,1909f56bfc062723c751e8b465ee728b)  -> (artifact id: '15f82000e4b9b65cd3f1d88acd7d6df0') in 0.015841 seconds 
========================================================================
Received Import Request.
  Time since last request: 349.516693 seconds.
  path: Assets/Asset/Space stuff/PNG/Enemies/enemyBlack2.png
  artifactKey: Guid(d6111392db6560848ac131a24e98bd59) Importer(815301076,1909f56bfc062723c751e8b465ee728b)
Start importing Assets/Asset/Space stuff/PNG/Enemies/enemyBlack2.png using Guid(d6111392db6560848ac131a24e98bd59) Importer(815301076,1909f56bfc062723c751e8b465ee728b)  -> (artifact id: 'f07a889770e7b8cae991ad5b59d70997') in 0.020283 seconds 
========================================================================
Received Import Request.
  Time since last request: 0.000054 seconds.
  path: Assets/Asset/Space stuff/PNG/Enemies/enemyGreen5.png
  artifactKey: Guid(a8ec709a7ecfb5c4983afdf80c453431) Importer(815301076,1909f56bfc062723c751e8b465ee728b)
Start importing Assets/Asset/Space stuff/PNG/Enemies/enemyGreen5.png using Guid(a8ec709a7ecfb5c4983afdf80c453431) Importer(815301076,1909f56bfc062723c751e8b465ee728b)  -> (artifact id: 'a86a0f86a7641c8cf1b0af69da5b77d7') in 0.019427 seconds 
========================================================================
Received Import Request.
  Time since last request: 0.000028 seconds.
  path: Assets/Asset/Space stuff/PNG/Enemies/enemyRed3.png
  artifactKey: Guid(bc531f0e2a5b83141b141d327212c47c) Importer(815301076,1909f56bfc062723c751e8b465ee728b)
Start importing Assets/Asset/Space stuff/PNG/Enemies/enemyRed3.png using Guid(bc531f0e2a5b83141b141d327212c47c) Importer(815301076,1909f56bfc062723c751e8b465ee728b)  -> (artifact id: '5edc1f3e5f42760d7eda35f3c758d823') in 0.022731 seconds 
========================================================================
Received Import Request.
  Time since last request: 0.000022 seconds.
  path: Assets/Asset/Space stuff/PNG/Enemies/enemyBlack3.png
  artifactKey: Guid(ef77da56571f0754c91a88bc4ad00d09) Importer(815301076,1909f56bfc062723c751e8b465ee728b)
Start importing Assets/Asset/Space stuff/PNG/Enemies/enemyBlack3.png using Guid(ef77da56571f0754c91a88bc4ad00d09) Importer(815301076,1909f56bfc062723c751e8b465ee728b)  -> (artifact id: '2f764f7bd0b0ef21d95a4a5351d5d926') in 0.022472 seconds 
========================================================================
Received Import Request.
  Time since last request: 0.000028 seconds.
  path: Assets/Asset/Space stuff/PNG/Enemies/enemyBlue2.png
  artifactKey: Guid(14fc16f40c1831a4a929240cf32974ab) Importer(815301076,1909f56bfc062723c751e8b465ee728b)
Start importing Assets/Asset/Space stuff/PNG/Enemies/enemyBlue2.png using Guid(14fc16f40c1831a4a929240cf32974ab) Importer(815301076,1909f56bfc062723c751e8b465ee728b)  -> (artifact id: 'e8c6410c7f932fdcb941823389561436') in 0.020141 seconds 
========================================================================
Received Import Request.
  Time since last request: 0.000049 seconds.
  path: Assets/Asset/Space stuff/PNG/Enemies/enemyGreen3.png
  artifactKey: Guid(afcd0db422062564ab2b1c7ae9e9eeae) Importer(815301076,1909f56bfc062723c751e8b465ee728b)
Start importing Assets/Asset/Space stuff/PNG/Enemies/enemyGreen3.png using Guid(afcd0db422062564ab2b1c7ae9e9eeae) Importer(815301076,1909f56bfc062723c751e8b465ee728b)  -> (artifact id: '7c250816392c4eb5ddd39a5ff3dad9c8') in 0.020000 seconds 
========================================================================
Received Import Request.
  Time since last request: 0.000040 seconds.
  path: Assets/Asset/Space stuff/PNG/Enemies/enemyBlue1.png
  artifactKey: Guid(7d97531dc8108ab4bb73a74838f398b6) Importer(815301076,1909f56bfc062723c751e8b465ee728b)
Start importing Assets/Asset/Space stuff/PNG/Enemies/enemyBlue1.png using Guid(7d97531dc8108ab4bb73a74838f398b6) Importer(815301076,1909f56bfc062723c751e8b465ee728b)  -> (artifact id: '61a4bc7344408ac658a54753802fcf06') in 0.019394 seconds 
========================================================================
Received Import Request.
  Time since last request: 0.000069 seconds.
  path: Assets/Asset/Space stuff/PNG/Enemies/enemyGreen1.png
  artifactKey: Guid(35451450958ced346ac164526d11da8f) Importer(815301076,1909f56bfc062723c751e8b465ee728b)
Start importing Assets/Asset/Space stuff/PNG/Enemies/enemyGreen1.png using Guid(35451450958ced346ac164526d11da8f) Importer(815301076,1909f56bfc062723c751e8b465ee728b)  -> (artifact id: '98016497d91123ad401587dadf4895fd') in 0.019545 seconds 
========================================================================
Received Import Request.
  Time since last request: 0.000056 seconds.
  path: Assets/Asset/Space stuff/PNG/Enemies/enemyBlue4.png
  artifactKey: Guid(975b25857dbb04945be207a25046c426) Importer(815301076,1909f56bfc062723c751e8b465ee728b)
Start importing Assets/Asset/Space stuff/PNG/Enemies/enemyBlue4.png using Guid(975b25857dbb04945be207a25046c426) Importer(815301076,1909f56bfc062723c751e8b465ee728b)  -> (artifact id: '5184ca190217a212cdd3cd40405764d5') in 0.022011 seconds 
========================================================================
Received Import Request.
  Time since last request: 0.000035 seconds.
  path: Assets/Asset/Space stuff/PNG/Enemies/enemyGreen2.png
  artifactKey: Guid(a45ba5f13cf01e74f9322d8715bf03fc) Importer(815301076,1909f56bfc062723c751e8b465ee728b)
Start importing Assets/Asset/Space stuff/PNG/Enemies/enemyGreen2.png using Guid(a45ba5f13cf01e74f9322d8715bf03fc) Importer(815301076,1909f56bfc062723c751e8b465ee728b)  -> (artifact id: '203e3db5d1dcdc929a5ea8439ae183a4') in 0.022044 seconds 
========================================================================
Received Import Request.
  Time since last request: 333.848574 seconds.
  path: Assets/Asset/Space stuff/Backgrounds/blue.png
  artifactKey: Guid(5889e031f879bbe4aa9ac32cc86ef5e6) Importer(815301076,1909f56bfc062723c751e8b465ee728b)
Start importing Assets/Asset/Space stuff/Backgrounds/blue.png using Guid(5889e031f879bbe4aa9ac32cc86ef5e6) Importer(815301076,1909f56bfc062723c751e8b465ee728b)  -> (artifact id: '724f752b0aaeb32bddf922f41cdf1379') in 0.025576 seconds 
========================================================================
Received Import Request.
  Time since last request: 0.000034 seconds.
  path: Assets/Asset/Space stuff/Backgrounds/darkPurple.png
  artifactKey: Guid(82578258516fc5d4a8afd9c62b5b64d0) Importer(815301076,1909f56bfc062723c751e8b465ee728b)
Start importing Assets/Asset/Space stuff/Backgrounds/darkPurple.png using Guid(82578258516fc5d4a8afd9c62b5b64d0) Importer(815301076,1909f56bfc062723c751e8b465ee728b)  -> (artifact id: 'ff8b561b3a27a5e8d631398b69ab74e9') in 0.023940 seconds 
========================================================================
Received Import Request.
  Time since last request: 44.645086 seconds.
  path: Assets/Asset/Space stuff/Bonus/kenvector_future_thin.ttf
  artifactKey: Guid(48e00972dcbc7dc49acd809c4f945f18) Importer(815301076,1909f56bfc062723c751e8b465ee728b)
Start importing Assets/Asset/Space stuff/Bonus/kenvector_future_thin.ttf using Guid(48e00972dcbc7dc49acd809c4f945f18) Importer(815301076,1909f56bfc062723c751e8b465ee728b)  -> (artifact id: '0db4a146630828e0d3d079ff89300b33') in 0.128380 seconds 
========================================================================
Received Import Request.
  Time since last request: 0.000033 seconds.
  path: Assets/Asset/Space stuff/Bonus/sfx_laser1.ogg
  artifactKey: Guid(65b272014a4938049b111dac4f7344a3) Importer(815301076,1909f56bfc062723c751e8b465ee728b)
Start importing Assets/Asset/Space stuff/Bonus/sfx_laser1.ogg using Guid(65b272014a4938049b111dac4f7344a3) Importer(815301076,1909f56bfc062723c751e8b465ee728b)  -> (artifact id: 'd289eab23d1023a182f596dafba2ad8c') in 0.044908 seconds 
========================================================================
Received Import Request.
  Time since last request: 0.000044 seconds.
  path: Assets/Asset/Space stuff/Bonus/sfx_shieldUp.ogg
  artifactKey: Guid(15bc589e732faf349bdbfc4190ad595a) Importer(815301076,1909f56bfc062723c751e8b465ee728b)
Start importing Assets/Asset/Space stuff/Bonus/sfx_shieldUp.ogg using Guid(15bc589e732faf349bdbfc4190ad595a) Importer(815301076,1909f56bfc062723c751e8b465ee728b)  -> (artifact id: 'ab273cfcd1797cd9e80c6a2a56fcc08d') in 0.018181 seconds 
========================================================================
Received Import Request.
  Time since last request: 0.000033 seconds.
  path: Assets/Asset/Space stuff/Bonus/sfx_laser2.ogg
  artifactKey: Guid(57373ef19b9c9e84c93f26f4f514eb5e) Importer(815301076,1909f56bfc062723c751e8b465ee728b)
Start importing Assets/Asset/Space stuff/Bonus/sfx_laser2.ogg using Guid(57373ef19b9c9e84c93f26f4f514eb5e) Importer(815301076,1909f56bfc062723c751e8b465ee728b)  -> (artifact id: '260bc04226419ce7db60082660a841b6') in 0.014360 seconds 
========================================================================
Received Prepare
Registering precompiled user dll's ...
Registered in 0.007313 seconds.
Begin MonoManager ReloadAssembly
Native extension for WindowsStandalone target not found
Native extension for WebGL target not found
Refreshing native plugins compatible for Editor in 1.32 ms, found 4 plugins.
Preloading 0 native plugins for Editor in 0.00 ms.
Mono: successfully reloaded assembly
- Completed reload, in  2.302 seconds
Domain Reload Profiling:
	ReloadAssembly (2303ms)
		BeginReloadAssembly (307ms)
			ExecutionOrderSort (0ms)
			DisableScriptedObjects (9ms)
			BackupInstance (0ms)
			ReleaseScriptingObjects (0ms)
			CreateAndSetChildDomain (94ms)
		EndReloadAssembly (1801ms)
			LoadAssemblies (175ms)
			RebuildTransferFunctionScriptingTraits (0ms)
			SetupTypeCache (460ms)
			ReleaseScriptCaches (5ms)
			RebuildScriptCaches (78ms)
			SetupLoadedEditorAssemblies (789ms)
				LogAssemblyErrors (0ms)
				InitializePlatformSupportModulesInManaged (24ms)
				SetLoadedEditorAssemblies (1ms)
				RefreshPlugins (1ms)
				BeforeProcessingInitializeOnLoad (131ms)
				ProcessInitializeOnLoadAttributes (558ms)
				ProcessInitializeOnLoadMethodAttributes (50ms)
				AfterProcessingInitializeOnLoad (24ms)
				EditorAssembliesLoaded (0ms)
			ExecutionOrderSort2 (0ms)
			AwakeInstancesAfterBackupRestoration (30ms)
Platform modules already initialized, skipping
Refreshing native plugins compatible for Editor in 0.91 ms, found 4 plugins.
Preloading 0 native plugins for Editor in 0.00 ms.
Unloading 4412 Unused Serialized files (Serialized files now loaded: 0)
Unloading 35 unused Assets / (262.9 KB). Loaded Objects now: 5255.
Memory consumption went from 184.4 MB to 184.1 MB.
Total: 4.631800 ms (FindLiveObjects: 0.418100 ms CreateObjectMapping: 0.377300 ms MarkObjects: 3.671300 ms  DeleteObjects: 0.163800 ms)

AssetImportParameters requested are different than current active one (requested -> active):
  custom:video-decoder-ogg-theora: a1e56fd34408186e4bbccfd4996cb3dc -> 
  custom:container-muxer-webm: aa71ff27fc2769a1b78a27578f13a17b -> 
  custom:container-demuxer-webm: 4f35f7cbe854078d1ac9338744f61a02 -> 
  custom:video-encoder-webm-vp8: eb34c28f22e8b96e1ab97ce403110664 -> 
  custom:audio-encoder-webm-vorbis: bf7c407c2cedff20999df2af8eb42d56 -> 
  custom:framework-win-MediaFoundation: 216162199b28c13a410421893ffa2e32 -> 
  custom:container-demuxer-ogg: 62fdf1f143b41e24485cea50d1cbac27 -> 
  custom:video-decoder-webm-vp8: 9c59270c3fd7afecdb556c50c9e8de78 -> 
  custom:audio-decoder-ogg-vorbis: bf7c407c2cedff20999df2af8eb42d56 -> 
========================================================================
Received Prepare
Registering precompiled user dll's ...
Registered in 0.005961 seconds.
Begin MonoManager ReloadAssembly
Native extension for WindowsStandalone target not found
Native extension for WebGL target not found
Refreshing native plugins compatible for Editor in 1.60 ms, found 4 plugins.
Preloading 0 native plugins for Editor in 0.00 ms.
Mono: successfully reloaded assembly
- Completed reload, in  1.675 seconds
Domain Reload Profiling:
	ReloadAssembly (1675ms)
		BeginReloadAssembly (191ms)
			ExecutionOrderSort (0ms)
			DisableScriptedObjects (10ms)
			BackupInstance (0ms)
			ReleaseScriptingObjects (0ms)
			CreateAndSetChildDomain (45ms)
		EndReloadAssembly (1355ms)
			LoadAssemblies (123ms)
			RebuildTransferFunctionScriptingTraits (0ms)
			SetupTypeCache (319ms)
			ReleaseScriptCaches (2ms)
			RebuildScriptCaches (67ms)
			SetupLoadedEditorAssemblies (704ms)
				LogAssemblyErrors (0ms)
				InitializePlatformSupportModulesInManaged (21ms)
				SetLoadedEditorAssemblies (1ms)
				RefreshPlugins (2ms)
				BeforeProcessingInitializeOnLoad (100ms)
				ProcessInitializeOnLoadAttributes (521ms)
				ProcessInitializeOnLoadMethodAttributes (38ms)
				AfterProcessingInitializeOnLoad (22ms)
				EditorAssembliesLoaded (0ms)
			ExecutionOrderSort2 (0ms)
			AwakeInstancesAfterBackupRestoration (24ms)
Platform modules already initialized, skipping
Refreshing native plugins compatible for Editor in 1.44 ms, found 4 plugins.
Preloading 0 native plugins for Editor in 0.00 ms.
Unloading 4389 Unused Serialized files (Serialized files now loaded: 0)
Unloading 35 unused Assets / (263.0 KB). Loaded Objects now: 5269.
Memory consumption went from 183.6 MB to 183.4 MB.
Total: 5.946000 ms (FindLiveObjects: 0.479700 ms CreateObjectMapping: 0.445000 ms MarkObjects: 4.858600 ms  DeleteObjects: 0.161700 ms)

AssetImportParameters requested are different than current active one (requested -> active):
  custom:video-decoder-ogg-theora: a1e56fd34408186e4bbccfd4996cb3dc -> 
  custom:container-muxer-webm: aa71ff27fc2769a1b78a27578f13a17b -> 
  custom:container-demuxer-webm: 4f35f7cbe854078d1ac9338744f61a02 -> 
  custom:video-encoder-webm-vp8: eb34c28f22e8b96e1ab97ce403110664 -> 
  custom:audio-encoder-webm-vorbis: bf7c407c2cedff20999df2af8eb42d56 -> 
  custom:framework-win-MediaFoundation: 216162199b28c13a410421893ffa2e32 -> 
  custom:container-demuxer-ogg: 62fdf1f143b41e24485cea50d1cbac27 -> 
  custom:video-decoder-webm-vp8: 9c59270c3fd7afecdb556c50c9e8de78 -> 
  custom:audio-decoder-ogg-vorbis: bf7c407c2cedff20999df2af8eb42d56 -> 
========================================================================
Received Prepare
Registering precompiled user dll's ...
Registered in 0.005892 seconds.
Begin MonoManager ReloadAssembly
Native extension for WindowsStandalone target not found
Native extension for WebGL target not found
Refreshing native plugins compatible for Editor in 0.82 ms, found 4 plugins.
Preloading 0 native plugins for Editor in 0.00 ms.
Mono: successfully reloaded assembly
- Completed reload, in  1.675 seconds
Domain Reload Profiling:
	ReloadAssembly (1676ms)
		BeginReloadAssembly (209ms)
			ExecutionOrderSort (0ms)
			DisableScriptedObjects (11ms)
			BackupInstance (0ms)
			ReleaseScriptingObjects (0ms)
			CreateAndSetChildDomain (49ms)
		EndReloadAssembly (1297ms)
			LoadAssemblies (141ms)
			RebuildTransferFunctionScriptingTraits (0ms)
			SetupTypeCache (340ms)
			ReleaseScriptCaches (2ms)
			RebuildScriptCaches (56ms)
			SetupLoadedEditorAssemblies (653ms)
				LogAssemblyErrors (0ms)
				InitializePlatformSupportModulesInManaged (20ms)
				SetLoadedEditorAssemblies (0ms)
				RefreshPlugins (1ms)
				BeforeProcessingInitializeOnLoad (94ms)
				ProcessInitializeOnLoadAttributes (479ms)
				ProcessInitializeOnLoadMethodAttributes (40ms)
				AfterProcessingInitializeOnLoad (18ms)
				EditorAssembliesLoaded (0ms)
			ExecutionOrderSort2 (0ms)
			AwakeInstancesAfterBackupRestoration (19ms)
Platform modules already initialized, skipping
Refreshing native plugins compatible for Editor in 1.94 ms, found 4 plugins.
Preloading 0 native plugins for Editor in 0.00 ms.
Unloading 4389 Unused Serialized files (Serialized files now loaded: 0)
Unloading 35 unused Assets / (262.8 KB). Loaded Objects now: 5283.
Memory consumption went from 183.6 MB to 183.4 MB.
Total: 3.820700 ms (FindLiveObjects: 0.424800 ms CreateObjectMapping: 0.314100 ms MarkObjects: 2.820100 ms  DeleteObjects: 0.260100 ms)

AssetImportParameters requested are different than current active one (requested -> active):
  custom:video-decoder-ogg-theora: a1e56fd34408186e4bbccfd4996cb3dc -> 
  custom:container-muxer-webm: aa71ff27fc2769a1b78a27578f13a17b -> 
  custom:container-demuxer-webm: 4f35f7cbe854078d1ac9338744f61a02 -> 
  custom:video-encoder-webm-vp8: eb34c28f22e8b96e1ab97ce403110664 -> 
  custom:audio-encoder-webm-vorbis: bf7c407c2cedff20999df2af8eb42d56 -> 
  custom:framework-win-MediaFoundation: 216162199b28c13a410421893ffa2e32 -> 
  custom:container-demuxer-ogg: 62fdf1f143b41e24485cea50d1cbac27 -> 
  custom:video-decoder-webm-vp8: 9c59270c3fd7afecdb556c50c9e8de78 -> 
  custom:audio-decoder-ogg-vorbis: bf7c407c2cedff20999df2af8eb42d56 -> 
========================================================================
Received Prepare
Registering precompiled user dll's ...
Registered in 0.005808 seconds.
Begin MonoManager ReloadAssembly
Native extension for WindowsStandalone target not found
Native extension for WebGL target not found
Refreshing native plugins compatible for Editor in 0.80 ms, found 4 plugins.
Preloading 0 native plugins for Editor in 0.00 ms.
Mono: successfully reloaded assembly
- Completed reload, in  1.606 seconds
Domain Reload Profiling:
	ReloadAssembly (1606ms)
		BeginReloadAssembly (202ms)
			ExecutionOrderSort (0ms)
			DisableScriptedObjects (10ms)
			BackupInstance (0ms)
			ReleaseScriptingObjects (0ms)
			CreateAndSetChildDomain (51ms)
		EndReloadAssembly (1273ms)
			LoadAssemblies (149ms)
			RebuildTransferFunctionScriptingTraits (0ms)
			SetupTypeCache (311ms)
			ReleaseScriptCaches (1ms)
			RebuildScriptCaches (55ms)
			SetupLoadedEditorAssemblies (637ms)
				LogAssemblyErrors (0ms)
				InitializePlatformSupportModulesInManaged (18ms)
				SetLoadedEditorAssemblies (0ms)
				RefreshPlugins (1ms)
				BeforeProcessingInitializeOnLoad (97ms)
				ProcessInitializeOnLoadAttributes (466ms)
				ProcessInitializeOnLoadMethodAttributes (35ms)
				AfterProcessingInitializeOnLoad (18ms)
				EditorAssembliesLoaded (0ms)
			ExecutionOrderSort2 (0ms)
			AwakeInstancesAfterBackupRestoration (17ms)
Platform modules already initialized, skipping
Refreshing native plugins compatible for Editor in 0.82 ms, found 4 plugins.
Preloading 0 native plugins for Editor in 0.00 ms.
Unloading 4389 Unused Serialized files (Serialized files now loaded: 0)
Unloading 35 unused Assets / (264.1 KB). Loaded Objects now: 5297.
Memory consumption went from 183.7 MB to 183.4 MB.
Total: 4.069500 ms (FindLiveObjects: 0.435100 ms CreateObjectMapping: 0.335600 ms MarkObjects: 3.142600 ms  DeleteObjects: 0.155100 ms)

AssetImportParameters requested are different than current active one (requested -> active):
  custom:video-decoder-ogg-theora: a1e56fd34408186e4bbccfd4996cb3dc -> 
  custom:container-muxer-webm: aa71ff27fc2769a1b78a27578f13a17b -> 
  custom:container-demuxer-webm: 4f35f7cbe854078d1ac9338744f61a02 -> 
  custom:video-encoder-webm-vp8: eb34c28f22e8b96e1ab97ce403110664 -> 
  custom:audio-encoder-webm-vorbis: bf7c407c2cedff20999df2af8eb42d56 -> 
  custom:framework-win-MediaFoundation: 216162199b28c13a410421893ffa2e32 -> 
  custom:container-demuxer-ogg: 62fdf1f143b41e24485cea50d1cbac27 -> 
  custom:video-decoder-webm-vp8: 9c59270c3fd7afecdb556c50c9e8de78 -> 
  custom:audio-decoder-ogg-vorbis: bf7c407c2cedff20999df2af8eb42d56 -> 
========================================================================
Received Prepare
Registering precompiled user dll's ...
Registered in 0.007087 seconds.
Begin MonoManager ReloadAssembly
Native extension for WindowsStandalone target not found
Native extension for WebGL target not found
Refreshing native plugins compatible for Editor in 1.04 ms, found 4 plugins.
Preloading 0 native plugins for Editor in 0.00 ms.
Mono: successfully reloaded assembly
- Completed reload, in  1.709 seconds
Domain Reload Profiling:
	ReloadAssembly (1710ms)
		BeginReloadAssembly (210ms)
			ExecutionOrderSort (0ms)
			DisableScriptedObjects (11ms)
			BackupInstance (0ms)
			ReleaseScriptingObjects (0ms)
			CreateAndSetChildDomain (47ms)
		EndReloadAssembly (1349ms)
			LoadAssemblies (152ms)
			RebuildTransferFunctionScriptingTraits (0ms)
			SetupTypeCache (333ms)
			ReleaseScriptCaches (2ms)
			RebuildScriptCaches (62ms)
			SetupLoadedEditorAssemblies (689ms)
				LogAssemblyErrors (0ms)
				InitializePlatformSupportModulesInManaged (23ms)
				SetLoadedEditorAssemblies (3ms)
				RefreshPlugins (1ms)
				BeforeProcessingInitializeOnLoad (107ms)
				ProcessInitializeOnLoadAttributes (494ms)
				ProcessInitializeOnLoadMethodAttributes (42ms)
				AfterProcessingInitializeOnLoad (20ms)
				EditorAssembliesLoaded (0ms)
			ExecutionOrderSort2 (0ms)
			AwakeInstancesAfterBackupRestoration (20ms)
Platform modules already initialized, skipping
Refreshing native plugins compatible for Editor in 1.62 ms, found 4 plugins.
Preloading 0 native plugins for Editor in 0.00 ms.
Unloading 4389 Unused Serialized files (Serialized files now loaded: 0)
Unloading 35 unused Assets / (263.2 KB). Loaded Objects now: 5311.
Memory consumption went from 183.7 MB to 183.4 MB.
Total: 5.927300 ms (FindLiveObjects: 0.407200 ms CreateObjectMapping: 0.308100 ms MarkObjects: 4.960000 ms  DeleteObjects: 0.250900 ms)

AssetImportParameters requested are different than current active one (requested -> active):
  custom:video-decoder-ogg-theora: a1e56fd34408186e4bbccfd4996cb3dc -> 
  custom:container-muxer-webm: aa71ff27fc2769a1b78a27578f13a17b -> 
  custom:container-demuxer-webm: 4f35f7cbe854078d1ac9338744f61a02 -> 
  custom:video-encoder-webm-vp8: eb34c28f22e8b96e1ab97ce403110664 -> 
  custom:audio-encoder-webm-vorbis: bf7c407c2cedff20999df2af8eb42d56 -> 
  custom:framework-win-MediaFoundation: 216162199b28c13a410421893ffa2e32 -> 
  custom:container-demuxer-ogg: 62fdf1f143b41e24485cea50d1cbac27 -> 
  custom:video-decoder-webm-vp8: 9c59270c3fd7afecdb556c50c9e8de78 -> 
  custom:audio-decoder-ogg-vorbis: bf7c407c2cedff20999df2af8eb42d56 -> 
========================================================================
Received Prepare
Registering precompiled user dll's ...
Registered in 0.006278 seconds.
Begin MonoManager ReloadAssembly
Native extension for WindowsStandalone target not found
Native extension for WebGL target not found
Refreshing native plugins compatible for Editor in 1.04 ms, found 4 plugins.
Preloading 0 native plugins for Editor in 0.00 ms.
Mono: successfully reloaded assembly
- Completed reload, in  1.766 seconds
Domain Reload Profiling:
	ReloadAssembly (1767ms)
		BeginReloadAssembly (201ms)
			ExecutionOrderSort (0ms)
			DisableScriptedObjects (9ms)
			BackupInstance (0ms)
			ReleaseScriptingObjects (0ms)
			CreateAndSetChildDomain (44ms)
		EndReloadAssembly (1439ms)
			LoadAssemblies (136ms)
			RebuildTransferFunctionScriptingTraits (0ms)
			SetupTypeCache (317ms)
			ReleaseScriptCaches (2ms)
			RebuildScriptCaches (69ms)
			SetupLoadedEditorAssemblies (759ms)
				LogAssemblyErrors (0ms)
				InitializePlatformSupportModulesInManaged (21ms)
				SetLoadedEditorAssemblies (1ms)
				RefreshPlugins (1ms)
				BeforeProcessingInitializeOnLoad (107ms)
				ProcessInitializeOnLoadAttributes (562ms)
				ProcessInitializeOnLoadMethodAttributes (44ms)
				AfterProcessingInitializeOnLoad (23ms)
				EditorAssembliesLoaded (0ms)
			ExecutionOrderSort2 (0ms)
			AwakeInstancesAfterBackupRestoration (21ms)
Platform modules already initialized, skipping
Refreshing native plugins compatible for Editor in 0.86 ms, found 4 plugins.
Preloading 0 native plugins for Editor in 0.00 ms.
Unloading 4389 Unused Serialized files (Serialized files now loaded: 0)
Unloading 35 unused Assets / (264.0 KB). Loaded Objects now: 5325.
Memory consumption went from 183.8 MB to 183.5 MB.
Total: 4.848800 ms (FindLiveObjects: 0.439600 ms CreateObjectMapping: 0.345600 ms MarkObjects: 3.905500 ms  DeleteObjects: 0.157000 ms)

AssetImportParameters requested are different than current active one (requested -> active):
  custom:video-decoder-ogg-theora: a1e56fd34408186e4bbccfd4996cb3dc -> 
  custom:container-muxer-webm: aa71ff27fc2769a1b78a27578f13a17b -> 
  custom:container-demuxer-webm: 4f35f7cbe854078d1ac9338744f61a02 -> 
  custom:video-encoder-webm-vp8: eb34c28f22e8b96e1ab97ce403110664 -> 
  custom:audio-encoder-webm-vorbis: bf7c407c2cedff20999df2af8eb42d56 -> 
  custom:framework-win-MediaFoundation: 216162199b28c13a410421893ffa2e32 -> 
  custom:container-demuxer-ogg: 62fdf1f143b41e24485cea50d1cbac27 -> 
  custom:video-decoder-webm-vp8: 9c59270c3fd7afecdb556c50c9e8de78 -> 
  custom:audio-decoder-ogg-vorbis: bf7c407c2cedff20999df2af8eb42d56 -> 
