Using pre-set license
Built from '2021.2/staging' branch; Version is '2021.2.5f1 (4ec9a5e799f5) revision 5163429'; Using compiler version '192829333'; Build Type 'Release'
OS: 'Windows 10  (10.0.19043) 64bit Core' Language: 'en' Physical Memory: 16348 MB
BatchMode: 1, IsHumanControllingUs: 0, StartBugReporterOnCrash: 0, Is64bit: 1, IsPro: 0

COMMAND LINE ARGUMENTS:
D:\Program Files\Unity Hub\2021.2.5f1\Editor\Unity.exe
-adb2
-batchMode
-noUpm
-name
AssetImportWorker1
-projectPath
F:/gamedev practice 2021/laser refresher
-logFile
Logs/AssetImportWorker1.log
-srvPort
63909
Successfully changed project path to: F:/gamedev practice 2021/laser refresher
F:/gamedev practice 2021/laser refresher
[UnityMemory] Configuration Parameters - Can be set up in boot.config
    "memorysetup-bucket-allocator-granularity=16"
    "memorysetup-bucket-allocator-bucket-count=8"
    "memorysetup-bucket-allocator-block-size=33554432"
    "memorysetup-bucket-allocator-block-count=8"
    "memorysetup-main-allocator-block-size=16777216"
    "memorysetup-thread-allocator-block-size=16777216"
    "memorysetup-gfx-main-allocator-block-size=16777216"
    "memorysetup-gfx-thread-allocator-block-size=16777216"
    "memorysetup-cache-allocator-block-size=4194304"
    "memorysetup-typetree-allocator-block-size=2097152"
    "memorysetup-profiler-bucket-allocator-granularity=16"
    "memorysetup-profiler-bucket-allocator-bucket-count=8"
    "memorysetup-profiler-bucket-allocator-block-size=33554432"
    "memorysetup-profiler-bucket-allocator-block-count=8"
    "memorysetup-profiler-allocator-block-size=16777216"
    "memorysetup-profiler-editor-allocator-block-size=1048576"
    "memorysetup-temp-allocator-size-main=16777216"
    "memorysetup-job-temp-allocator-block-size=2097152"
    "memorysetup-job-temp-allocator-block-size-background=1048576"
    "memorysetup-job-temp-allocator-reduction-small-platforms=262144"
    "memorysetup-temp-allocator-size-background-worker=32768"
    "memorysetup-temp-allocator-size-job-worker=262144"
    "memorysetup-temp-allocator-size-preload-manager=33554432"
    "memorysetup-temp-allocator-size-nav-mesh-worker=65536"
    "memorysetup-temp-allocator-size-audio-worker=65536"
    "memorysetup-temp-allocator-size-cloud-worker=32768"
    "memorysetup-temp-allocator-size-gi-baking-worker=262144"
    "memorysetup-temp-allocator-size-gfx=262144"
Refreshing native plugins compatible for Editor in 109.85 ms, found 3 plugins.
Preloading 0 native plugins for Editor in 0.00 ms.
Initialize engine version: 2021.2.5f1 (4ec9a5e799f5)
[Subsystems] Discovering subsystems at path D:/Program Files/Unity Hub/2021.2.5f1/Editor/Data/Resources/UnitySubsystems
[Subsystems] Discovering subsystems at path F:/gamedev practice 2021/laser refresher/Assets
GfxDevice: creating device client; threaded=0; jobified=0
Direct3D:
    Version:  Direct3D 11.0 [level 11.1]
    Renderer: NVIDIA GeForce GTX 1050 Ti (ID=0x1c82)
    Vendor:   NVIDIA
    VRAM:     4018 MB
    Driver:   30.0.14.7111
Initialize mono
Mono path[0] = 'D:/Program Files/Unity Hub/2021.2.5f1/Editor/Data/Managed'
Mono path[1] = 'D:/Program Files/Unity Hub/2021.2.5f1/Editor/Data/MonoBleedingEdge/lib/mono/unityjit-win32'
Mono config path = 'D:/Program Files/Unity Hub/2021.2.5f1/Editor/Data/MonoBleedingEdge/etc'
Using monoOptions --debugger-agent=transport=dt_socket,embedding=1,server=y,suspend=n,address=127.0.0.1:56364
Begin MonoManager ReloadAssembly
Registering precompiled unity dll's ...
Register platform support module: D:/Program Files/Unity Hub/2021.2.5f1/Editor/Data/PlaybackEngines/WebGLSupport/UnityEditor.WebGL.Extensions.dll
Register platform support module: D:/Program Files/Unity Hub/2021.2.5f1/Editor/Data/PlaybackEngines/WindowsStandaloneSupport/UnityEditor.WindowsStandalone.Extensions.dll
Registered in 0.019393 seconds.
Native extension for WindowsStandalone target not found
Native extension for WebGL target not found
Refreshing native plugins compatible for Editor in 121.89 ms, found 3 plugins.
Preloading 0 native plugins for Editor in 0.00 ms.
Mono: successfully reloaded assembly
- Completed reload, in  0.965 seconds
Domain Reload Profiling:
	ReloadAssembly (966ms)
		BeginReloadAssembly (131ms)
			ExecutionOrderSort (0ms)
			DisableScriptedObjects (0ms)
			BackupInstance (0ms)
			ReleaseScriptingObjects (0ms)
			CreateAndSetChildDomain (1ms)
		EndReloadAssembly (717ms)
			LoadAssemblies (126ms)
			RebuildTransferFunctionScriptingTraits (0ms)
			SetupTypeCache (115ms)
			ReleaseScriptCaches (0ms)
			RebuildScriptCaches (39ms)
			SetupLoadedEditorAssemblies (486ms)
				LogAssemblyErrors (0ms)
				InitializePlatformSupportModulesInManaged (23ms)
				SetLoadedEditorAssemblies (0ms)
				RefreshPlugins (122ms)
				BeforeProcessingInitializeOnLoad (2ms)
				ProcessInitializeOnLoadAttributes (270ms)
				ProcessInitializeOnLoadMethodAttributes (69ms)
				AfterProcessingInitializeOnLoad (0ms)
				EditorAssembliesLoaded (0ms)
			ExecutionOrderSort2 (0ms)
			AwakeInstancesAfterBackupRestoration (0ms)
Platform modules already initialized, skipping
Registering precompiled user dll's ...
Registered in 0.007904 seconds.
Begin MonoManager ReloadAssembly
Native extension for WindowsStandalone target not found
Native extension for WebGL target not found
Refreshing native plugins compatible for Editor in 117.11 ms, found 3 plugins.
Preloading 0 native plugins for Editor in 0.00 ms.
Mono: successfully reloaded assembly
- Completed reload, in  1.647 seconds
Domain Reload Profiling:
	ReloadAssembly (1647ms)
		BeginReloadAssembly (232ms)
			ExecutionOrderSort (0ms)
			DisableScriptedObjects (7ms)
			BackupInstance (0ms)
			ReleaseScriptingObjects (0ms)
			CreateAndSetChildDomain (23ms)
		EndReloadAssembly (1291ms)
			LoadAssemblies (127ms)
			RebuildTransferFunctionScriptingTraits (0ms)
			SetupTypeCache (322ms)
			ReleaseScriptCaches (1ms)
			RebuildScriptCaches (72ms)
			SetupLoadedEditorAssemblies (669ms)
				LogAssemblyErrors (0ms)
				InitializePlatformSupportModulesInManaged (29ms)
				SetLoadedEditorAssemblies (0ms)
				RefreshPlugins (117ms)
				BeforeProcessingInitializeOnLoad (119ms)
				ProcessInitializeOnLoadAttributes (353ms)
				ProcessInitializeOnLoadMethodAttributes (33ms)
				AfterProcessingInitializeOnLoad (18ms)
				EditorAssembliesLoaded (0ms)
			ExecutionOrderSort2 (0ms)
			AwakeInstancesAfterBackupRestoration (9ms)
Platform modules already initialized, skipping
========================================================================
Worker process is ready to serve import requests
Launched and connected shader compiler UnityShaderCompiler.exe after 0.05 seconds
Refreshing native plugins compatible for Editor in 0.65 ms, found 3 plugins.
Preloading 0 native plugins for Editor in 0.00 ms.
Unloading 3823 Unused Serialized files (Serialized files now loaded: 0)
Unloading 47 unused Assets / (182.8 KB). Loaded Objects now: 4282.
Memory consumption went from 139.2 MB to 139.1 MB.
Total: 3.581500 ms (FindLiveObjects: 0.386100 ms CreateObjectMapping: 0.311900 ms MarkObjects: 2.768300 ms  DeleteObjects: 0.114100 ms)

AssetImportParameters requested are different than current active one (requested -> active):
  custom:video-decoder-ogg-theora: a1e56fd34408186e4bbccfd4996cb3dc -> 
  custom:container-muxer-webm: aa71ff27fc2769a1b78a27578f13a17b -> 
  custom:container-demuxer-webm: 4f35f7cbe854078d1ac9338744f61a02 -> 
  custom:video-encoder-webm-vp8: eb34c28f22e8b96e1ab97ce403110664 -> 
  custom:video-codec-MediaFoundation-h265: e54d7ab0439102e2317fc1e4b246158d -> 
  custom:audio-encoder-webm-vorbis: bf7c407c2cedff20999df2af8eb42d56 -> 
  custom:framework-win-MediaFoundation: 216162199b28c13a410421893ffa2e32 -> 
  custom:container-demuxer-ogg: 62fdf1f143b41e24485cea50d1cbac27 -> 
  custom:video-decoder-webm-vp8: 9c59270c3fd7afecdb556c50c9e8de78 -> 
  custom:audio-decoder-ogg-vorbis: bf7c407c2cedff20999df2af8eb42d56 -> 
========================================================================
Received Import Request.
  Time since last request: 42706.590476 seconds.
  path: Assets/open saurce assets/sample.png
  artifactKey: Guid(fb2efa6224f1f324db0a9b7c2ae27f6b) Importer(815301076,1909f56bfc062723c751e8b465ee728b)
Start importing Assets/open saurce assets/sample.png using Guid(fb2efa6224f1f324db0a9b7c2ae27f6b) Importer(815301076,1909f56bfc062723c751e8b465ee728b)  -> (artifact id: '8088a49cf073933db5986723bf1dd47a') in 0.139541 seconds 
========================================================================
Received Import Request.
  Time since last request: 1742.452830 seconds.
  path: Assets/asset pck/PNG/playerShip1_green.png
  artifactKey: Guid(d0ea1db8e0517c441baa58a1228298c6) Importer(815301076,1909f56bfc062723c751e8b465ee728b)
Start importing Assets/asset pck/PNG/playerShip1_green.png using Guid(d0ea1db8e0517c441baa58a1228298c6) Importer(815301076,1909f56bfc062723c751e8b465ee728b)  -> (artifact id: '95cbb4c241d77c253f8bcac85a8f9524') in 0.022613 seconds 
========================================================================
Received Import Request.
  Time since last request: 0.000034 seconds.
  path: Assets/asset pck/PNG/playerShip3_red.png
  artifactKey: Guid(08e9de8bbcf8d6f4f8b392a537fb3af4) Importer(815301076,1909f56bfc062723c751e8b465ee728b)
Start importing Assets/asset pck/PNG/playerShip3_red.png using Guid(08e9de8bbcf8d6f4f8b392a537fb3af4) Importer(815301076,1909f56bfc062723c751e8b465ee728b)  -> (artifact id: '475d97c2615961cc8f6f973f1761e820') in 0.015436 seconds 
========================================================================
Received Import Request.
  Time since last request: 0.000058 seconds.
  path: Assets/asset pck/PNG/playerShip3_orange.png
  artifactKey: Guid(19b06572a67305043be7a569b517bcca) Importer(815301076,1909f56bfc062723c751e8b465ee728b)
Start importing Assets/asset pck/PNG/playerShip3_orange.png using Guid(19b06572a67305043be7a569b517bcca) Importer(815301076,1909f56bfc062723c751e8b465ee728b)  -> (artifact id: 'c48c4e8e24667cb263c205f047ce7e25') in 0.015464 seconds 
========================================================================
Received Import Request.
  Time since last request: 0.000028 seconds.
  path: Assets/asset pck/PNG/ufoGreen.png
  artifactKey: Guid(7658dc7523086be41ad8e85af5d9108d) Importer(815301076,1909f56bfc062723c751e8b465ee728b)
Start importing Assets/asset pck/PNG/ufoGreen.png using Guid(7658dc7523086be41ad8e85af5d9108d) Importer(815301076,1909f56bfc062723c751e8b465ee728b)  -> (artifact id: '0e75d70ebe9bdad889183232344c4768') in 0.013946 seconds 
========================================================================
Received Import Request.
  Time since last request: 0.000016 seconds.
  path: Assets/asset pck/PNG/playerShip2_green.png
  artifactKey: Guid(3514c113097dfaa49953a74876edfd90) Importer(815301076,1909f56bfc062723c751e8b465ee728b)
Start importing Assets/asset pck/PNG/playerShip2_green.png using Guid(3514c113097dfaa49953a74876edfd90) Importer(815301076,1909f56bfc062723c751e8b465ee728b)  -> (artifact id: '66200b1f2b82e52c0e551c1b9222d805') in 0.010718 seconds 
========================================================================
Received Import Request.
  Time since last request: 0.000036 seconds.
  path: Assets/asset pck/PNG/playerShip3_green.png
  artifactKey: Guid(4c1d01396bfb7be49a4ccd339a7697fe) Importer(815301076,1909f56bfc062723c751e8b465ee728b)
Start importing Assets/asset pck/PNG/playerShip3_green.png using Guid(4c1d01396bfb7be49a4ccd339a7697fe) Importer(815301076,1909f56bfc062723c751e8b465ee728b)  -> (artifact id: 'e8456737c5d241185d86758d43e389a5') in 0.011136 seconds 
========================================================================
Received Import Request.
  Time since last request: 0.000034 seconds.
  path: Assets/asset pck/PNG/playerShip3_blue.png
  artifactKey: Guid(7a3051be068f98b45bab71644472ad7f) Importer(815301076,1909f56bfc062723c751e8b465ee728b)
Start importing Assets/asset pck/PNG/playerShip3_blue.png using Guid(7a3051be068f98b45bab71644472ad7f) Importer(815301076,1909f56bfc062723c751e8b465ee728b)  -> (artifact id: '379f9568c192491b194cb98f8c424388') in 0.011399 seconds 
========================================================================
Received Import Request.
  Time since last request: 0.000031 seconds.
  path: Assets/asset pck/PNG/playerShip2_blue.png
  artifactKey: Guid(5ce6bf1f06fd32d4ea9933281ac17ea7) Importer(815301076,1909f56bfc062723c751e8b465ee728b)
Start importing Assets/asset pck/PNG/playerShip2_blue.png using Guid(5ce6bf1f06fd32d4ea9933281ac17ea7) Importer(815301076,1909f56bfc062723c751e8b465ee728b)  -> (artifact id: 'ca1fc2208fde2ff2db4e5afac47921a7') in 0.011489 seconds 
========================================================================
Received Import Request.
  Time since last request: 1263.945387 seconds.
  path: Assets/asset pck/PNG/playerShip1_orange.png
  artifactKey: Guid(3e382dcab31da9646abb61ca1260906e) Importer(815301076,1909f56bfc062723c751e8b465ee728b)
Start importing Assets/asset pck/PNG/playerShip1_orange.png using Guid(3e382dcab31da9646abb61ca1260906e) Importer(815301076,1909f56bfc062723c751e8b465ee728b)  -> (artifact id: '9b50e4ed5e785153c02a02deafb01a48') in 0.079489 seconds 
========================================================================
Received Import Request.
  Time since last request: 0.000050 seconds.
  path: Assets/asset pck/PNG/playerShip2_orange.png
  artifactKey: Guid(652a64243aa450045b512d6c22898dcb) Importer(815301076,1909f56bfc062723c751e8b465ee728b)
Start importing Assets/asset pck/PNG/playerShip2_orange.png using Guid(652a64243aa450045b512d6c22898dcb) Importer(815301076,1909f56bfc062723c751e8b465ee728b)  -> (artifact id: '80ff11a12b0d25c7974bebed7754617a') in 0.024834 seconds 
========================================================================
Received Import Request.
  Time since last request: 0.000035 seconds.
  path: Assets/asset pck/PNG/playerShip2_green.png
  artifactKey: Guid(3514c113097dfaa49953a74876edfd90) Importer(815301076,1909f56bfc062723c751e8b465ee728b)
Start importing Assets/asset pck/PNG/playerShip2_green.png using Guid(3514c113097dfaa49953a74876edfd90) Importer(815301076,1909f56bfc062723c751e8b465ee728b)  -> (artifact id: '8171ae4bae54ea4011130c88355ebe2d') in 0.020456 seconds 
========================================================================
Received Import Request.
  Time since last request: 0.000025 seconds.
  path: Assets/asset pck/PNG/playerShip3_green.png
  artifactKey: Guid(4c1d01396bfb7be49a4ccd339a7697fe) Importer(815301076,1909f56bfc062723c751e8b465ee728b)
Start importing Assets/asset pck/PNG/playerShip3_green.png using Guid(4c1d01396bfb7be49a4ccd339a7697fe) Importer(815301076,1909f56bfc062723c751e8b465ee728b)  -> (artifact id: 'dfc6cb20f092943f8d4d3f2c46bd19be') in 0.018886 seconds 
========================================================================
Received Import Request.
  Time since last request: 0.000020 seconds.
  path: Assets/asset pck/PNG/playerShip3_blue.png
  artifactKey: Guid(7a3051be068f98b45bab71644472ad7f) Importer(815301076,1909f56bfc062723c751e8b465ee728b)
Start importing Assets/asset pck/PNG/playerShip3_blue.png using Guid(7a3051be068f98b45bab71644472ad7f) Importer(815301076,1909f56bfc062723c751e8b465ee728b)  -> (artifact id: 'd67f8aed4fb033e31b007d90736f46f4') in 0.024477 seconds 
========================================================================
Received Import Request.
  Time since last request: 0.000016 seconds.
  path: Assets/asset pck/PNG/ufoRed.png
  artifactKey: Guid(5456272526d4e574dae54db2b727566f) Importer(815301076,1909f56bfc062723c751e8b465ee728b)
Start importing Assets/asset pck/PNG/ufoRed.png using Guid(5456272526d4e574dae54db2b727566f) Importer(815301076,1909f56bfc062723c751e8b465ee728b)  -> (artifact id: 'a521e4a5195e6ba18d820cd1b8287494') in 0.016944 seconds 
========================================================================
Received Import Request.
  Time since last request: 1040.514551 seconds.
  path: Assets/asset pck/Backgrounds/blue.png
  artifactKey: Guid(f87e8cf171eacb34e8bf91618d32896f) Importer(815301076,1909f56bfc062723c751e8b465ee728b)
Start importing Assets/asset pck/Backgrounds/blue.png using Guid(f87e8cf171eacb34e8bf91618d32896f) Importer(815301076,1909f56bfc062723c751e8b465ee728b)  -> (artifact id: '57fc23b134db52823683547b46bcef75') in 0.021327 seconds 
========================================================================
Received Import Request.
  Time since last request: 0.000021 seconds.
  path: Assets/asset pck/Backgrounds/purple.png
  artifactKey: Guid(7683f2d0e0f1b3e4b9a9af7102b22891) Importer(815301076,1909f56bfc062723c751e8b465ee728b)
Start importing Assets/asset pck/Backgrounds/purple.png using Guid(7683f2d0e0f1b3e4b9a9af7102b22891) Importer(815301076,1909f56bfc062723c751e8b465ee728b)  -> (artifact id: 'e6df4c4166b3a8e69cf1946dfc910cc2') in 0.015629 seconds 
