Using pre-set license
Built from '2021.2/staging' branch; Version is '2021.2.5f1 (4ec9a5e799f5) revision 5163429'; Using compiler version '192829333'; Build Type 'Release'
OS: 'Windows 10  (10.0.19043) 64bit Core' Language: 'en' Physical Memory: 16348 MB
BatchMode: 1, IsHumanControllingUs: 0, StartBugReporterOnCrash: 0, Is64bit: 1, IsPro: 0

COMMAND LINE ARGUMENTS:
D:\Program Files\Unity Hub\2021.2.5f1\Editor\Unity.exe
-adb2
-batchMode
-noUpm
-name
AssetImportWorker0
-projectPath
F:/gamedev practice 2021/laser refresher
-logFile
Logs/AssetImportWorker0.log
-srvPort
63909
Successfully changed project path to: F:/gamedev practice 2021/laser refresher
F:/gamedev practice 2021/laser refresher
[UnityMemory] Configuration Parameters - Can be set up in boot.config
    "memorysetup-bucket-allocator-granularity=16"
    "memorysetup-bucket-allocator-bucket-count=8"
    "memorysetup-bucket-allocator-block-size=33554432"
    "memorysetup-bucket-allocator-block-count=8"
    "memorysetup-main-allocator-block-size=16777216"
    "memorysetup-thread-allocator-block-size=16777216"
    "memorysetup-gfx-main-allocator-block-size=16777216"
    "memorysetup-gfx-thread-allocator-block-size=16777216"
    "memorysetup-cache-allocator-block-size=4194304"
    "memorysetup-typetree-allocator-block-size=2097152"
    "memorysetup-profiler-bucket-allocator-granularity=16"
    "memorysetup-profiler-bucket-allocator-bucket-count=8"
    "memorysetup-profiler-bucket-allocator-block-size=33554432"
    "memorysetup-profiler-bucket-allocator-block-count=8"
    "memorysetup-profiler-allocator-block-size=16777216"
    "memorysetup-profiler-editor-allocator-block-size=1048576"
    "memorysetup-temp-allocator-size-main=16777216"
    "memorysetup-job-temp-allocator-block-size=2097152"
    "memorysetup-job-temp-allocator-block-size-background=1048576"
    "memorysetup-job-temp-allocator-reduction-small-platforms=262144"
    "memorysetup-temp-allocator-size-background-worker=32768"
    "memorysetup-temp-allocator-size-job-worker=262144"
    "memorysetup-temp-allocator-size-preload-manager=33554432"
    "memorysetup-temp-allocator-size-nav-mesh-worker=65536"
    "memorysetup-temp-allocator-size-audio-worker=65536"
    "memorysetup-temp-allocator-size-cloud-worker=32768"
    "memorysetup-temp-allocator-size-gi-baking-worker=262144"
    "memorysetup-temp-allocator-size-gfx=262144"
Refreshing native plugins compatible for Editor in 105.72 ms, found 3 plugins.
Preloading 0 native plugins for Editor in 0.00 ms.
Initialize engine version: 2021.2.5f1 (4ec9a5e799f5)
[Subsystems] Discovering subsystems at path D:/Program Files/Unity Hub/2021.2.5f1/Editor/Data/Resources/UnitySubsystems
[Subsystems] Discovering subsystems at path F:/gamedev practice 2021/laser refresher/Assets
GfxDevice: creating device client; threaded=0; jobified=0
Direct3D:
    Version:  Direct3D 11.0 [level 11.1]
    Renderer: NVIDIA GeForce GTX 1050 Ti (ID=0x1c82)
    Vendor:   NVIDIA
    VRAM:     4018 MB
    Driver:   30.0.14.7111
Initialize mono
Mono path[0] = 'D:/Program Files/Unity Hub/2021.2.5f1/Editor/Data/Managed'
Mono path[1] = 'D:/Program Files/Unity Hub/2021.2.5f1/Editor/Data/MonoBleedingEdge/lib/mono/unityjit-win32'
Mono config path = 'D:/Program Files/Unity Hub/2021.2.5f1/Editor/Data/MonoBleedingEdge/etc'
Using monoOptions --debugger-agent=transport=dt_socket,embedding=1,server=y,suspend=n,address=127.0.0.1:56068
Begin MonoManager ReloadAssembly
Registering precompiled unity dll's ...
Register platform support module: D:/Program Files/Unity Hub/2021.2.5f1/Editor/Data/PlaybackEngines/WebGLSupport/UnityEditor.WebGL.Extensions.dll
Register platform support module: D:/Program Files/Unity Hub/2021.2.5f1/Editor/Data/PlaybackEngines/WindowsStandaloneSupport/UnityEditor.WindowsStandalone.Extensions.dll
Registered in 0.019280 seconds.
Native extension for WindowsStandalone target not found
Native extension for WebGL target not found
Refreshing native plugins compatible for Editor in 116.25 ms, found 3 plugins.
Preloading 0 native plugins for Editor in 0.00 ms.
Mono: successfully reloaded assembly
- Completed reload, in  0.964 seconds
Domain Reload Profiling:
	ReloadAssembly (965ms)
		BeginReloadAssembly (130ms)
			ExecutionOrderSort (0ms)
			DisableScriptedObjects (0ms)
			BackupInstance (0ms)
			ReleaseScriptingObjects (0ms)
			CreateAndSetChildDomain (1ms)
		EndReloadAssembly (719ms)
			LoadAssemblies (124ms)
			RebuildTransferFunctionScriptingTraits (0ms)
			SetupTypeCache (117ms)
			ReleaseScriptCaches (0ms)
			RebuildScriptCaches (39ms)
			SetupLoadedEditorAssemblies (492ms)
				LogAssemblyErrors (0ms)
				InitializePlatformSupportModulesInManaged (24ms)
				SetLoadedEditorAssemblies (0ms)
				RefreshPlugins (116ms)
				BeforeProcessingInitializeOnLoad (1ms)
				ProcessInitializeOnLoadAttributes (281ms)
				ProcessInitializeOnLoadMethodAttributes (68ms)
				AfterProcessingInitializeOnLoad (0ms)
				EditorAssembliesLoaded (0ms)
			ExecutionOrderSort2 (0ms)
			AwakeInstancesAfterBackupRestoration (0ms)
Platform modules already initialized, skipping
Registering precompiled user dll's ...
Registered in 0.008329 seconds.
Begin MonoManager ReloadAssembly
Native extension for WindowsStandalone target not found
Native extension for WebGL target not found
Refreshing native plugins compatible for Editor in 115.03 ms, found 3 plugins.
Preloading 0 native plugins for Editor in 0.00 ms.
Mono: successfully reloaded assembly
- Completed reload, in  1.628 seconds
Domain Reload Profiling:
	ReloadAssembly (1629ms)
		BeginReloadAssembly (236ms)
			ExecutionOrderSort (0ms)
			DisableScriptedObjects (7ms)
			BackupInstance (0ms)
			ReleaseScriptingObjects (0ms)
			CreateAndSetChildDomain (22ms)
		EndReloadAssembly (1266ms)
			LoadAssemblies (126ms)
			RebuildTransferFunctionScriptingTraits (0ms)
			SetupTypeCache (321ms)
			ReleaseScriptCaches (1ms)
			RebuildScriptCaches (70ms)
			SetupLoadedEditorAssemblies (659ms)
				LogAssemblyErrors (0ms)
				InitializePlatformSupportModulesInManaged (20ms)
				SetLoadedEditorAssemblies (0ms)
				RefreshPlugins (115ms)
				BeforeProcessingInitializeOnLoad (120ms)
				ProcessInitializeOnLoadAttributes (346ms)
				ProcessInitializeOnLoadMethodAttributes (37ms)
				AfterProcessingInitializeOnLoad (21ms)
				EditorAssembliesLoaded (0ms)
			ExecutionOrderSort2 (0ms)
			AwakeInstancesAfterBackupRestoration (8ms)
Platform modules already initialized, skipping
========================================================================
Worker process is ready to serve import requests
Launched and connected shader compiler UnityShaderCompiler.exe after 0.04 seconds
Refreshing native plugins compatible for Editor in 0.80 ms, found 3 plugins.
Preloading 0 native plugins for Editor in 0.00 ms.
Unloading 3823 Unused Serialized files (Serialized files now loaded: 0)
Unloading 47 unused Assets / (182.8 KB). Loaded Objects now: 4282.
Memory consumption went from 139.2 MB to 139.1 MB.
Total: 3.985400 ms (FindLiveObjects: 0.376400 ms CreateObjectMapping: 0.411300 ms MarkObjects: 3.027500 ms  DeleteObjects: 0.169100 ms)

AssetImportParameters requested are different than current active one (requested -> active):
  custom:video-decoder-ogg-theora: a1e56fd34408186e4bbccfd4996cb3dc -> 
  custom:container-muxer-webm: aa71ff27fc2769a1b78a27578f13a17b -> 
  custom:container-demuxer-webm: 4f35f7cbe854078d1ac9338744f61a02 -> 
  custom:video-encoder-webm-vp8: eb34c28f22e8b96e1ab97ce403110664 -> 
  custom:video-codec-MediaFoundation-h265: e54d7ab0439102e2317fc1e4b246158d -> 
  custom:audio-encoder-webm-vorbis: bf7c407c2cedff20999df2af8eb42d56 -> 
  custom:framework-win-MediaFoundation: 216162199b28c13a410421893ffa2e32 -> 
  custom:container-demuxer-ogg: 62fdf1f143b41e24485cea50d1cbac27 -> 
  custom:video-decoder-webm-vp8: 9c59270c3fd7afecdb556c50c9e8de78 -> 
  custom:audio-decoder-ogg-vorbis: bf7c407c2cedff20999df2af8eb42d56 -> 
========================================================================
Received Import Request.
  Time since last request: 42602.058949 seconds.
  path: Assets
  artifactKey: Guid(00000000000000001000000000000000) Importer(815301076,1909f56bfc062723c751e8b465ee728b)
Start importing Assets using Guid(00000000000000001000000000000000) Importer(815301076,1909f56bfc062723c751e8b465ee728b)  -> (artifact id: '79842766b460edbeab6a34051e857a80') in 0.015321 seconds 
========================================================================
Received Import Request.
  Time since last request: 95.720123 seconds.
  path: Assets/New folder
  artifactKey: Guid(3886ec9da6be47b4c9580ed1bd47d4a0) Importer(815301076,1909f56bfc062723c751e8b465ee728b)
Start importing Assets/New folder using Guid(3886ec9da6be47b4c9580ed1bd47d4a0) Importer(815301076,1909f56bfc062723c751e8b465ee728b)  -> (artifact id: 'daa7d5bd62216585b4d19ed591e00b47') in 0.008527 seconds 
========================================================================
Received Import Request.
  Time since last request: 7.775887 seconds.
  path: Assets/open saurce assets
  artifactKey: Guid(3886ec9da6be47b4c9580ed1bd47d4a0) Importer(815301076,1909f56bfc062723c751e8b465ee728b)
Start importing Assets/open saurce assets using Guid(3886ec9da6be47b4c9580ed1bd47d4a0) Importer(815301076,1909f56bfc062723c751e8b465ee728b)  -> (artifact id: 'db39b76fdd7bda287beb574356b478c6') in 0.006290 seconds 
========================================================================
Received Import Request.
  Time since last request: 0.982783 seconds.
  path: Assets/open saurce assets/preview.png
  artifactKey: Guid(c3ec1e05583a0e442b55637dd2c236c0) Importer(815301076,1909f56bfc062723c751e8b465ee728b)
Start importing Assets/open saurce assets/preview.png using Guid(c3ec1e05583a0e442b55637dd2c236c0) Importer(815301076,1909f56bfc062723c751e8b465ee728b)  -> (artifact id: 'bb46b929c48e53ec46a95cadecfb7d00') in 0.141644 seconds 
========================================================================
Received Import Request.
  Time since last request: 10.992965 seconds.
  path: Assets/asset pck
  artifactKey: Guid(3886ec9da6be47b4c9580ed1bd47d4a0) Importer(815301076,1909f56bfc062723c751e8b465ee728b)
Start importing Assets/asset pck using Guid(3886ec9da6be47b4c9580ed1bd47d4a0) Importer(815301076,1909f56bfc062723c751e8b465ee728b)  -> (artifact id: '8b8ee43de801be25db22aeed9f37e4e0') in 0.005386 seconds 
========================================================================
Received Import Request.
  Time since last request: 1726.284499 seconds.
  path: Assets/asset pck/Spritesheet
  artifactKey: Guid(a1cf9a6b0908ae141a2eef84a1799814) Importer(815301076,1909f56bfc062723c751e8b465ee728b)
Start importing Assets/asset pck/Spritesheet using Guid(a1cf9a6b0908ae141a2eef84a1799814) Importer(815301076,1909f56bfc062723c751e8b465ee728b)  -> (artifact id: 'c508ddcacb849f04dd48bd6bc5b579d7') in 0.006093 seconds 
========================================================================
Received Import Request.
  Time since last request: 2.354270 seconds.
  path: Assets/asset pck/Spritesheet/sheet.png
  artifactKey: Guid(d0b80e9f9a5d90842b4e49a0a2bfd285) Importer(815301076,1909f56bfc062723c751e8b465ee728b)
Start importing Assets/asset pck/Spritesheet/sheet.png using Guid(d0b80e9f9a5d90842b4e49a0a2bfd285) Importer(815301076,1909f56bfc062723c751e8b465ee728b)  -> (artifact id: '6becb8593e47109b2b2da584712f5a42') in 0.030139 seconds 
========================================================================
Received Import Request.
  Time since last request: 2.719804 seconds.
  path: Assets/asset pck/PNG
  artifactKey: Guid(c6b6b3ff8f756f846b365dbadc75fada) Importer(815301076,1909f56bfc062723c751e8b465ee728b)
Start importing Assets/asset pck/PNG using Guid(c6b6b3ff8f756f846b365dbadc75fada) Importer(815301076,1909f56bfc062723c751e8b465ee728b)  -> (artifact id: 'ed6f1bc9a87aab9d47f12828b4108fc7') in 0.006210 seconds 
========================================================================
Received Import Request.
  Time since last request: 0.022743 seconds.
  path: Assets/asset pck/PNG/playerShip1_blue.png
  artifactKey: Guid(9bf58a8038f9765478e048ba969209b4) Importer(815301076,1909f56bfc062723c751e8b465ee728b)
Start importing Assets/asset pck/PNG/playerShip1_blue.png using Guid(9bf58a8038f9765478e048ba969209b4) Importer(815301076,1909f56bfc062723c751e8b465ee728b)  -> (artifact id: '15cec4e7ab065c48ded106f62a90a2ad') in 0.023305 seconds 
========================================================================
Received Import Request.
  Time since last request: 0.000056 seconds.
  path: Assets/asset pck/PNG/playerShip1_red.png
  artifactKey: Guid(7e815ff41907c3c4189da14775d4de97) Importer(815301076,1909f56bfc062723c751e8b465ee728b)
Start importing Assets/asset pck/PNG/playerShip1_red.png using Guid(7e815ff41907c3c4189da14775d4de97) Importer(815301076,1909f56bfc062723c751e8b465ee728b)  -> (artifact id: '3c3542c45faff43422db7303f71dee3f') in 0.014646 seconds 
========================================================================
Received Import Request.
  Time since last request: 0.000026 seconds.
  path: Assets/asset pck/PNG/ufoBlue.png
  artifactKey: Guid(c843b538ebb4eed4ab8e4ee5275b9192) Importer(815301076,1909f56bfc062723c751e8b465ee728b)
Start importing Assets/asset pck/PNG/ufoBlue.png using Guid(c843b538ebb4eed4ab8e4ee5275b9192) Importer(815301076,1909f56bfc062723c751e8b465ee728b)  -> (artifact id: 'd6f26e7ff4bafa0fb09befa76982408d') in 0.014869 seconds 
========================================================================
Received Import Request.
  Time since last request: 0.000037 seconds.
  path: Assets/asset pck/PNG/playerShip2_orange.png
  artifactKey: Guid(652a64243aa450045b512d6c22898dcb) Importer(815301076,1909f56bfc062723c751e8b465ee728b)
Start importing Assets/asset pck/PNG/playerShip2_orange.png using Guid(652a64243aa450045b512d6c22898dcb) Importer(815301076,1909f56bfc062723c751e8b465ee728b)  -> (artifact id: '95faf862ad96762d68d7f6d1214aca7d') in 0.014627 seconds 
========================================================================
Received Import Request.
  Time since last request: 0.000020 seconds.
  path: Assets/asset pck/PNG/playerShip1_orange.png
  artifactKey: Guid(3e382dcab31da9646abb61ca1260906e) Importer(815301076,1909f56bfc062723c751e8b465ee728b)
Start importing Assets/asset pck/PNG/playerShip1_orange.png using Guid(3e382dcab31da9646abb61ca1260906e) Importer(815301076,1909f56bfc062723c751e8b465ee728b)  -> (artifact id: 'f8ec142dc613a74ef50fe6069893fdea') in 0.011732 seconds 
========================================================================
Received Import Request.
  Time since last request: 0.000023 seconds.
  path: Assets/asset pck/PNG/ufoYellow.png
  artifactKey: Guid(193a8fc6fe01d924eb5946779dd2e3e1) Importer(815301076,1909f56bfc062723c751e8b465ee728b)
Start importing Assets/asset pck/PNG/ufoYellow.png using Guid(193a8fc6fe01d924eb5946779dd2e3e1) Importer(815301076,1909f56bfc062723c751e8b465ee728b)  -> (artifact id: '517ae39b2d63ed1d4c796d2aff82e6e2') in 0.011080 seconds 
========================================================================
Received Import Request.
  Time since last request: 0.000034 seconds.
  path: Assets/asset pck/PNG/playerShip2_red.png
  artifactKey: Guid(f33a757639f6648449db72bbd7194b43) Importer(815301076,1909f56bfc062723c751e8b465ee728b)
Start importing Assets/asset pck/PNG/playerShip2_red.png using Guid(f33a757639f6648449db72bbd7194b43) Importer(815301076,1909f56bfc062723c751e8b465ee728b)  -> (artifact id: '578587f119149462e05f43a9521a3336') in 0.011745 seconds 
========================================================================
Received Import Request.
  Time since last request: 0.000024 seconds.
  path: Assets/asset pck/PNG/ufoRed.png
  artifactKey: Guid(5456272526d4e574dae54db2b727566f) Importer(815301076,1909f56bfc062723c751e8b465ee728b)
Start importing Assets/asset pck/PNG/ufoRed.png using Guid(5456272526d4e574dae54db2b727566f) Importer(815301076,1909f56bfc062723c751e8b465ee728b)  -> (artifact id: '3543187086f8b53731d0ba96139a225b') in 0.011740 seconds 
========================================================================
Received Import Request.
  Time since last request: 1236.570597 seconds.
  path: Assets/asset pck/PNG/playerShip1_blue.png
  artifactKey: Guid(9bf58a8038f9765478e048ba969209b4) Importer(815301076,1909f56bfc062723c751e8b465ee728b)
Start importing Assets/asset pck/PNG/playerShip1_blue.png using Guid(9bf58a8038f9765478e048ba969209b4) Importer(815301076,1909f56bfc062723c751e8b465ee728b)  -> (artifact id: '8be20ed9b57b5f13728a444a67fb31b3') in 0.131428 seconds 
========================================================================
Received Import Request.
  Time since last request: 27.147964 seconds.
  path: Assets/asset pck/PNG/playerShip3_red.png
  artifactKey: Guid(08e9de8bbcf8d6f4f8b392a537fb3af4) Importer(815301076,1909f56bfc062723c751e8b465ee728b)
Start importing Assets/asset pck/PNG/playerShip3_red.png using Guid(08e9de8bbcf8d6f4f8b392a537fb3af4) Importer(815301076,1909f56bfc062723c751e8b465ee728b)  -> (artifact id: 'f3a63993af32c68de1d84edd04fc2f66') in 0.019603 seconds 
========================================================================
Received Import Request.
  Time since last request: 0.046114 seconds.
  path: Assets/asset pck/PNG/playerShip1_green.png
  artifactKey: Guid(d0ea1db8e0517c441baa58a1228298c6) Importer(815301076,1909f56bfc062723c751e8b465ee728b)
Start importing Assets/asset pck/PNG/playerShip1_green.png using Guid(d0ea1db8e0517c441baa58a1228298c6) Importer(815301076,1909f56bfc062723c751e8b465ee728b)  -> (artifact id: 'd45dd7eef1dadf721525c8901a8454c3') in 0.018397 seconds 
========================================================================
Received Import Request.
  Time since last request: 0.000021 seconds.
  path: Assets/asset pck/PNG/playerShip1_red.png
  artifactKey: Guid(7e815ff41907c3c4189da14775d4de97) Importer(815301076,1909f56bfc062723c751e8b465ee728b)
Start importing Assets/asset pck/PNG/playerShip1_red.png using Guid(7e815ff41907c3c4189da14775d4de97) Importer(815301076,1909f56bfc062723c751e8b465ee728b)  -> (artifact id: '10d3d2563bbd1725ae6ee80a18d2cf20') in 0.015719 seconds 
========================================================================
Received Import Request.
  Time since last request: 0.000023 seconds.
  path: Assets/asset pck/PNG/ufoBlue.png
  artifactKey: Guid(c843b538ebb4eed4ab8e4ee5275b9192) Importer(815301076,1909f56bfc062723c751e8b465ee728b)
Start importing Assets/asset pck/PNG/ufoBlue.png using Guid(c843b538ebb4eed4ab8e4ee5275b9192) Importer(815301076,1909f56bfc062723c751e8b465ee728b)  -> (artifact id: '713be299f90b782c45267dad15fe8927') in 0.024945 seconds 
========================================================================
Received Import Request.
  Time since last request: 0.000028 seconds.
  path: Assets/asset pck/PNG/playerShip3_orange.png
  artifactKey: Guid(19b06572a67305043be7a569b517bcca) Importer(815301076,1909f56bfc062723c751e8b465ee728b)
Start importing Assets/asset pck/PNG/playerShip3_orange.png using Guid(19b06572a67305043be7a569b517bcca) Importer(815301076,1909f56bfc062723c751e8b465ee728b)  -> (artifact id: '088a6f0223c88c348869373b2f105f4a') in 0.020499 seconds 
========================================================================
Received Import Request.
  Time since last request: 0.000018 seconds.
  path: Assets/asset pck/PNG/ufoGreen.png
  artifactKey: Guid(7658dc7523086be41ad8e85af5d9108d) Importer(815301076,1909f56bfc062723c751e8b465ee728b)
Start importing Assets/asset pck/PNG/ufoGreen.png using Guid(7658dc7523086be41ad8e85af5d9108d) Importer(815301076,1909f56bfc062723c751e8b465ee728b)  -> (artifact id: '491728cca79b67d97016c72a83e931ac') in 0.016272 seconds 
========================================================================
Received Import Request.
  Time since last request: 0.000022 seconds.
  path: Assets/asset pck/PNG/ufoYellow.png
  artifactKey: Guid(193a8fc6fe01d924eb5946779dd2e3e1) Importer(815301076,1909f56bfc062723c751e8b465ee728b)
Start importing Assets/asset pck/PNG/ufoYellow.png using Guid(193a8fc6fe01d924eb5946779dd2e3e1) Importer(815301076,1909f56bfc062723c751e8b465ee728b)  -> (artifact id: 'fc36105c231d7c162b19eb2a1f8bdd65') in 0.018666 seconds 
========================================================================
Received Import Request.
  Time since last request: 0.000041 seconds.
  path: Assets/asset pck/PNG/playerShip2_red.png
  artifactKey: Guid(f33a757639f6648449db72bbd7194b43) Importer(815301076,1909f56bfc062723c751e8b465ee728b)
Start importing Assets/asset pck/PNG/playerShip2_red.png using Guid(f33a757639f6648449db72bbd7194b43) Importer(815301076,1909f56bfc062723c751e8b465ee728b)  -> (artifact id: 'b6c80ec7d362be6903bad2bd439a1391') in 0.016739 seconds 
========================================================================
Received Import Request.
  Time since last request: 0.000018 seconds.
  path: Assets/asset pck/PNG/playerShip2_blue.png
  artifactKey: Guid(5ce6bf1f06fd32d4ea9933281ac17ea7) Importer(815301076,1909f56bfc062723c751e8b465ee728b)
Start importing Assets/asset pck/PNG/playerShip2_blue.png using Guid(5ce6bf1f06fd32d4ea9933281ac17ea7) Importer(815301076,1909f56bfc062723c751e8b465ee728b)  -> (artifact id: '66f38eb16eef59b5db0cbb412926acb3') in 0.025697 seconds 
========================================================================
Received Import Request.
  Time since last request: 104.157671 seconds.
  path: Assets/PREFABS
  artifactKey: Guid(b1a90956f5ba47f4f8d7786e4797b603) Importer(815301076,1909f56bfc062723c751e8b465ee728b)
Start importing Assets/PREFABS using Guid(b1a90956f5ba47f4f8d7786e4797b603) Importer(815301076,1909f56bfc062723c751e8b465ee728b)  -> (artifact id: '12a2fcd0775718059a1284d4b0d33805') in 0.007309 seconds 
========================================================================
Received Import Request.
  Time since last request: 9.224041 seconds.
  path: Assets/PREFABS/Gam.prefab
  artifactKey: Guid(ed3ce30ff4e54c24e8b42dd8a01c712b) Importer(815301076,1909f56bfc062723c751e8b465ee728b)
Start importing Assets/PREFABS/Gam.prefab using Guid(ed3ce30ff4e54c24e8b42dd8a01c712b) Importer(815301076,1909f56bfc062723c751e8b465ee728b)  -> (artifact id: '179eded5123a9143ebbb2d829e7802dd') in 0.137083 seconds 
========================================================================
Received Import Request.
  Time since last request: 17.057105 seconds.
  path: Assets/PREFABS/enem.prefab
  artifactKey: Guid(d9f09fa8ee9d2fc42a6857117f0df756) Importer(815301076,1909f56bfc062723c751e8b465ee728b)
Start importing Assets/PREFABS/enem.prefab using Guid(d9f09fa8ee9d2fc42a6857117f0df756) Importer(815301076,1909f56bfc062723c751e8b465ee728b)  -> (artifact id: 'aa8539083497813269a9776c7e94a053') in 0.015283 seconds 
========================================================================
Received Import Request.
  Time since last request: 12.046671 seconds.
  path: Assets/PREFABS/enem.prefab
  artifactKey: Guid(d9f09fa8ee9d2fc42a6857117f0df756) Importer(815301076,1909f56bfc062723c751e8b465ee728b)
Start importing Assets/PREFABS/enem.prefab using Guid(d9f09fa8ee9d2fc42a6857117f0df756) Importer(815301076,1909f56bfc062723c751e8b465ee728b)  -> (artifact id: '2cff43e00e8d9d2ead5d04b429acd07e') in 0.010385 seconds 
========================================================================
Received Import Request.
  Time since last request: 55.389375 seconds.
  path: Assets/PREFABS/enem.prefab
  artifactKey: Guid(d9f09fa8ee9d2fc42a6857117f0df756) Importer(815301076,1909f56bfc062723c751e8b465ee728b)
Start importing Assets/PREFABS/enem.prefab using Guid(d9f09fa8ee9d2fc42a6857117f0df756) Importer(815301076,1909f56bfc062723c751e8b465ee728b)  -> (artifact id: 'b4771d4db2aa3a60eb85d34cc6253ef7') in 0.013141 seconds 
========================================================================
Received Import Request.
  Time since last request: 12.966669 seconds.
  path: Assets/PREFABS/Player.prefab
  artifactKey: Guid(4858369f2c8281a4eb1124c2dd0f2179) Importer(815301076,1909f56bfc062723c751e8b465ee728b)
Start importing Assets/PREFABS/Player.prefab using Guid(4858369f2c8281a4eb1124c2dd0f2179) Importer(815301076,1909f56bfc062723c751e8b465ee728b)  -> (artifact id: '402d910dea72085f4f90148539d803b8') in 0.014827 seconds 
========================================================================
Received Import Request.
  Time since last request: 2.160528 seconds.
  path: Assets/PREFABS/Enemy0.prefab
  artifactKey: Guid(f1bfa83073dd6c64a8675f81cd681ee7) Importer(815301076,1909f56bfc062723c751e8b465ee728b)
Start importing Assets/PREFABS/Enemy0.prefab using Guid(f1bfa83073dd6c64a8675f81cd681ee7) Importer(815301076,1909f56bfc062723c751e8b465ee728b)  -> (artifact id: '672bfcecea3df43708d6b1789735f58a') in 0.016208 seconds 
========================================================================
Received Import Request.
  Time since last request: 827.176664 seconds.
  path: Assets/asset pck/Backgrounds
  artifactKey: Guid(b304cddad8cb176409dea272ebdfb9f4) Importer(815301076,1909f56bfc062723c751e8b465ee728b)
Start importing Assets/asset pck/Backgrounds using Guid(b304cddad8cb176409dea272ebdfb9f4) Importer(815301076,1909f56bfc062723c751e8b465ee728b)  -> (artifact id: 'c0a050407ad2e22a118d8826ab419587') in 0.007609 seconds 
========================================================================
Received Import Request.
  Time since last request: 0.079948 seconds.
  path: Assets/asset pck/Backgrounds/black.png
  artifactKey: Guid(f71fa0c8c65021b4db13f0c5c0b5261e) Importer(815301076,1909f56bfc062723c751e8b465ee728b)
Start importing Assets/asset pck/Backgrounds/black.png using Guid(f71fa0c8c65021b4db13f0c5c0b5261e) Importer(815301076,1909f56bfc062723c751e8b465ee728b)  -> (artifact id: '7b8ae35cb11c3ae605c2615ce1bf749c') in 0.022683 seconds 
========================================================================
Received Import Request.
  Time since last request: 0.000017 seconds.
  path: Assets/asset pck/Backgrounds/darkPurple.png
  artifactKey: Guid(bf1b5c10c3bf1a140bfdac134379316f) Importer(815301076,1909f56bfc062723c751e8b465ee728b)
Start importing Assets/asset pck/Backgrounds/darkPurple.png using Guid(bf1b5c10c3bf1a140bfdac134379316f) Importer(815301076,1909f56bfc062723c751e8b465ee728b)  -> (artifact id: 'b98f125f5602a9dd0a7e6518d9a34bbe') in 0.015232 seconds 
========================================================================
Received Import Request.
  Time since last request: 56.039273 seconds.
  path: Assets/Asset Packs/starfield.png
  artifactKey: Guid(02343505f309cce4e9235250a1f45dc1) Importer(815301076,1909f56bfc062723c751e8b465ee728b)
Start importing Assets/Asset Packs/starfield.png using Guid(02343505f309cce4e9235250a1f45dc1) Importer(815301076,1909f56bfc062723c751e8b465ee728b)  -> (artifact id: 'fe9edfa430b4751a708a475153482945') in 0.278332 seconds 
