Using pre-set license
Built from '2020.3/staging' branch; Version is '2020.3.22f1 (e1a7f79fd887) revision 14788599'; Using compiler version '192528614'; Build Type 'Release'
OS: 'Windows 10 Home; OS build 19043.1348; Version 2009; 64bit' Language: 'en' Physical Memory: 16348 MB
BatchMode: 1, IsHumanControllingUs: 0, StartBugReporterOnCrash: 0, Is64bit: 1, IsPro: 0

COMMAND LINE ARGUMENTS:
D:\Program Files\Unity Hub\2020.3.22f1\Editor\Unity.exe
-adb2
-batchMode
-noUpm
-name
AssetImportWorker0
-projectPath
F:/gamedev practice 2021/My project Quiz Master
-logFile
Logs/AssetImportWorker0.log
-srvPort
51076
Successfully changed project path to: F:/gamedev practice 2021/My project Quiz Master
F:/gamedev practice 2021/My project Quiz Master
Using Asset Import Pipeline V2.
Refreshing native plugins compatible for Editor in 39.40 ms, found 3 plugins.
Preloading 0 native plugins for Editor in 0.00 ms.
Initialize engine version: 2020.3.22f1 (e1a7f79fd887)
[Subsystems] Discovering subsystems at path D:/Program Files/Unity Hub/2020.3.22f1/Editor/Data/Resources/UnitySubsystems
[Subsystems] Discovering subsystems at path F:/gamedev practice 2021/My project Quiz Master/Assets
GfxDevice: creating device client; threaded=0
Direct3D:
    Version:  Direct3D 11.0 [level 11.1]
    Renderer: NVIDIA GeForce GTX 1050 Ti (ID=0x1c82)
    Vendor:   
    VRAM:     4018 MB
    Driver:   30.0.14.7111
Initialize mono
Mono path[0] = 'D:/Program Files/Unity Hub/2020.3.22f1/Editor/Data/Managed'
Mono path[1] = 'D:/Program Files/Unity Hub/2020.3.22f1/Editor/Data/MonoBleedingEdge/lib/mono/unityjit'
Mono config path = 'D:/Program Files/Unity Hub/2020.3.22f1/Editor/Data/MonoBleedingEdge/etc'
Using monoOptions --debugger-agent=transport=dt_socket,embedding=1,server=y,suspend=n,address=127.0.0.1:56264
Begin MonoManager ReloadAssembly
Registering precompiled unity dll's ...
Register platform support module: D:/Program Files/Unity Hub/2020.3.22f1/Editor/Data/PlaybackEngines/WindowsStandaloneSupport/UnityEditor.WindowsStandalone.Extensions.dll
Registered in 0.003607 seconds.
Native extension for WindowsStandalone target not found
Refreshing native plugins compatible for Editor in 40.55 ms, found 3 plugins.
Preloading 0 native plugins for Editor in 0.00 ms.
Mono: successfully reloaded assembly
- Completed reload, in  1.291 seconds
Domain Reload Profiling:
	ReloadAssembly (1291ms)
		BeginReloadAssembly (66ms)
			ExecutionOrderSort (0ms)
			DisableScriptedObjects (0ms)
			BackupInstance (0ms)
			ReleaseScriptingObjects (0ms)
			CreateAndSetChildDomain (1ms)
		EndReloadAssembly (435ms)
			LoadAssemblies (62ms)
			RebuildTransferFunctionScriptingTraits (0ms)
			SetupTypeCache (151ms)
			ReleaseScriptCaches (0ms)
			RebuildScriptCaches (28ms)
			SetupLoadedEditorAssemblies (161ms)
				LogAssemblyErrors (0ms)
				InitializePlatformSupportModulesInManaged (4ms)
				SetLoadedEditorAssemblies (0ms)
				RefreshPlugins (41ms)
				BeforeProcessingInitializeOnLoad (15ms)
				ProcessInitializeOnLoadAttributes (75ms)
				ProcessInitializeOnLoadMethodAttributes (27ms)
				AfterProcessingInitializeOnLoad (0ms)
				EditorAssembliesLoaded (0ms)
			ExecutionOrderSort2 (0ms)
			AwakeInstancesAfterBackupRestoration (0ms)
Platform modules already initialized, skipping
Registering precompiled user dll's ...
Registered in 0.003292 seconds.
Begin MonoManager ReloadAssembly
Native extension for WindowsStandalone target not found
Refreshing native plugins compatible for Editor in 39.88 ms, found 3 plugins.
Preloading 0 native plugins for Editor in 0.00 ms.
Mono: successfully reloaded assembly
- Completed reload, in  1.231 seconds
Domain Reload Profiling:
	ReloadAssembly (1232ms)
		BeginReloadAssembly (204ms)
			ExecutionOrderSort (0ms)
			DisableScriptedObjects (7ms)
			BackupInstance (0ms)
			ReleaseScriptingObjects (0ms)
			CreateAndSetChildDomain (19ms)
		EndReloadAssembly (948ms)
			LoadAssemblies (134ms)
			RebuildTransferFunctionScriptingTraits (0ms)
			SetupTypeCache (312ms)
			ReleaseScriptCaches (1ms)
			RebuildScriptCaches (48ms)
			SetupLoadedEditorAssemblies (372ms)
				LogAssemblyErrors (0ms)
				InitializePlatformSupportModulesInManaged (5ms)
				SetLoadedEditorAssemblies (0ms)
				RefreshPlugins (40ms)
				BeforeProcessingInitializeOnLoad (84ms)
				ProcessInitializeOnLoadAttributes (213ms)
				ProcessInitializeOnLoadMethodAttributes (17ms)
				AfterProcessingInitializeOnLoad (13ms)
				EditorAssembliesLoaded (0ms)
			ExecutionOrderSort2 (0ms)
			AwakeInstancesAfterBackupRestoration (6ms)
Platform modules already initialized, skipping
========================================================================
Worker process is ready to serve import requests
Launched and connected shader compiler UnityShaderCompiler.exe after 0.26 seconds
Refreshing native plugins compatible for Editor in 0.44 ms, found 3 plugins.
Preloading 0 native plugins for Editor in 0.00 ms.
Unloading 2183 Unused Serialized files (Serialized files now loaded: 0)
System memory in use before: 95.4 MB.
System memory in use after: 95.5 MB.

Unloading 28 unused Assets to reduce memory usage. Loaded Objects now: 2616.
Total: 3.975500 ms (FindLiveObjects: 0.176000 ms CreateObjectMapping: 0.070700 ms MarkObjects: 3.641200 ms  DeleteObjects: 0.086400 ms)

AssetImportParameters requested are different than current active one (requested -> active):
  custom:framework-win-MediaFoundation: 216162199b28c13a410421893ffa2e32 -> 
  custom:video-decoder-ogg-theora: a1e56fd34408186e4bbccfd4996cb3dc -> 
  custom:container-muxer-webm: aa71ff27fc2769a1b78a27578f13a17b -> 
  custom:container-demuxer-webm: 4f35f7cbe854078d1ac9338744f61a02 -> 
  custom:container-demuxer-ogg: 62fdf1f143b41e24485cea50d1cbac27 -> 
  custom:video-encoder-webm-vp8: eb34c28f22e8b96e1ab97ce403110664 -> 
  custom:video-decoder-webm-vp8: 9c59270c3fd7afecdb556c50c9e8de78 -> 
  custom:audio-decoder-ogg-vorbis: bf7c407c2cedff20999df2af8eb42d56 -> 
  custom:audio-encoder-webm-vorbis: bf7c407c2cedff20999df2af8eb42d56 -> 
========================================================================
Received Import Request.
  path: Assets/Quiz Master - Gameplay Overview 1.png
  artifactKey: Guid(57bd5de72b5b38f49af7ed4edfe1f977) Importer(815301076,1909f56bfc062723c751e8b465ee728b)
Start importing Assets/Quiz Master - Gameplay Overview 1.png using Guid(57bd5de72b5b38f49af7ed4edfe1f977) Importer(815301076,1909f56bfc062723c751e8b465ee728b)  -> (artifact id: '884c24cca801c0470c0ef570bc3ad278') in 0.153984 seconds 
  Import took 0.167217 seconds .

========================================================================
Received Import Request.
  Time since last request: 0.000262 seconds.
  path: Assets/neon_square_orange.png
  artifactKey: Guid(a4bb45c7a44344c4c81d7dda6990ca50) Importer(815301076,1909f56bfc062723c751e8b465ee728b)
Start importing Assets/neon_square_orange.png using Guid(a4bb45c7a44344c4c81d7dda6990ca50) Importer(815301076,1909f56bfc062723c751e8b465ee728b)  -> (artifact id: '5f8852a8c84b3c27b5f869c77e9e95eb') in 0.018718 seconds 
  Import took 0.023204 seconds .

========================================================================
Received Import Request.
  Time since last request: 0.000227 seconds.
  path: Assets/Quiz Master - Gameplay Overview 2.png
  artifactKey: Guid(a5d8aaeed93500b4b9e852e7c4860346) Importer(815301076,1909f56bfc062723c751e8b465ee728b)
Start importing Assets/Quiz Master - Gameplay Overview 2.png using Guid(a5d8aaeed93500b4b9e852e7c4860346) Importer(815301076,1909f56bfc062723c751e8b465ee728b)  -> (artifact id: 'd1d3d2db443023f2a4b0e22aea2999ab') in 0.014868 seconds 
  Import took 0.020015 seconds .

========================================================================
Received Import Request.
  Time since last request: 0.000213 seconds.
  path: Assets/neon_round_orange.png
  artifactKey: Guid(46701de5937cce3439fb8e3aaff9939e) Importer(815301076,1909f56bfc062723c751e8b465ee728b)
Start importing Assets/neon_round_orange.png using Guid(46701de5937cce3439fb8e3aaff9939e) Importer(815301076,1909f56bfc062723c751e8b465ee728b)  -> (artifact id: 'ece6ecf2c2404668540d8ed078950540') in 0.015348 seconds 
  Import took 0.018184 seconds .

========================================================================
Received Import Request.
  Time since last request: 0.000236 seconds.
  path: Assets/Quiz Master - Gameplay Overview 3.png
  artifactKey: Guid(64168c43a9cb7dc47808ba1c4755ec30) Importer(815301076,1909f56bfc062723c751e8b465ee728b)
Start importing Assets/Quiz Master - Gameplay Overview 3.png using Guid(64168c43a9cb7dc47808ba1c4755ec30) Importer(815301076,1909f56bfc062723c751e8b465ee728b)  -> (artifact id: '7efc0f8c1ca7a4ff17b2ccfe276ce80a') in 0.011740 seconds 
  Import took 0.015338 seconds .

========================================================================
Received Import Request.
  Time since last request: 0.000262 seconds.
  path: Assets/background.png
  artifactKey: Guid(30fd8585cba97c14ba9dc1f12f7576e8) Importer(815301076,1909f56bfc062723c751e8b465ee728b)
Start importing Assets/background.png using Guid(30fd8585cba97c14ba9dc1f12f7576e8) Importer(815301076,1909f56bfc062723c751e8b465ee728b)  -> (artifact id: '87de657b126e59dce7a5f7669c629645') in 0.012418 seconds 
  Import took 0.016342 seconds .

========================================================================
Received Import Request.
  Time since last request: 0.000269 seconds.
  path: Assets/neon_square_blue.png
  artifactKey: Guid(d64add62ad3e5064dba4b19dcf3003ec) Importer(815301076,1909f56bfc062723c751e8b465ee728b)
Start importing Assets/neon_square_blue.png using Guid(d64add62ad3e5064dba4b19dcf3003ec) Importer(815301076,1909f56bfc062723c751e8b465ee728b)  -> (artifact id: 'f7f924adec7281bbdbc234c3ed13653d') in 0.012280 seconds 
  Import took 0.015971 seconds .

========================================================================
Received Import Request.
  Time since last request: 6.391666 seconds.
  path: Assets
  artifactKey: Guid(00000000000000001000000000000000) Importer(815301076,1909f56bfc062723c751e8b465ee728b)
Start importing Assets using Guid(00000000000000001000000000000000) Importer(815301076,1909f56bfc062723c751e8b465ee728b)  -> (artifact id: '42d402b061de3733987d63b9cc3b64de') in 0.004830 seconds 
  Import took 0.008020 seconds .

========================================================================
Received Import Request.
  Time since last request: 6.227743 seconds.
  path: Assets/Sprites
  artifactKey: Guid(73da6de1887c82f409bf7bbf8f43ec4b) Importer(815301076,1909f56bfc062723c751e8b465ee728b)
Start importing Assets/Sprites using Guid(73da6de1887c82f409bf7bbf8f43ec4b) Importer(815301076,1909f56bfc062723c751e8b465ee728b)  -> (artifact id: 'c20ba955b9adb142f4309d2e540306a6') in 0.006866 seconds 
  Import took 0.012278 seconds .

========================================================================
Received Import Request.
  Time since last request: 3.201521 seconds.
  path: Assets/Scenes
  artifactKey: Guid(70502a1a6da6f4a45873ae48b366d982) Importer(815301076,1909f56bfc062723c751e8b465ee728b)
Start importing Assets/Scenes using Guid(70502a1a6da6f4a45873ae48b366d982) Importer(815301076,1909f56bfc062723c751e8b465ee728b)  -> (artifact id: '2e3518f63c59231fb2d11b885a1dd956') in 0.006714 seconds 
  Import took 0.013724 seconds .

========================================================================
Received Import Request.
  Time since last request: 1.934277 seconds.
  path: Assets/Scenes/SampleScene.unity
  artifactKey: Guid(2cda990e2423bbf4892e6590ba056729) Importer(815301076,1909f56bfc062723c751e8b465ee728b)
Start importing Assets/Scenes/SampleScene.unity using Guid(2cda990e2423bbf4892e6590ba056729) Importer(815301076,1909f56bfc062723c751e8b465ee728b)  -> (artifact id: 'aa27944bdea339c97c39027c7eea529c') in 0.006032 seconds 
  Import took 0.024311 seconds .

AssetImportWorkerClient::OnTransportError - code=2 error=End of file
